TN:
SF:src/builders.ts
FN:32,(anonymous_26)
FN:39,(anonymous_27)
FN:53,(anonymous_28)
FN:79,(anonymous_29)
FN:84,(anonymous_30)
FN:106,(anonymous_31)
FN:118,(anonymous_32)
FN:130,(anonymous_33)
FN:137,(anonymous_34)
FN:148,(anonymous_35)
FN:160,(anonymous_36)
FN:172,(anonymous_37)
FN:179,(anonymous_38)
FN:190,(anonymous_39)
FN:202,(anonymous_40)
FN:214,(anonymous_41)
FN:221,(anonymous_42)
FN:232,(anonymous_43)
FN:245,(anonymous_44)
FN:257,(anonymous_45)
FN:270,(anonymous_46)
FN:281,(anonymous_47)
FN:293,(anonymous_48)
FN:300,(anonymous_49)
FN:312,(anonymous_50)
FNF:25
FNH:25
FNDA:25,(anonymous_26)
FNDA:21,(anonymous_27)
FNDA:12,(anonymous_28)
FNDA:2,(anonymous_29)
FNDA:2,(anonymous_30)
FNDA:3,(anonymous_31)
FNDA:1,(anonymous_32)
FNDA:7,(anonymous_33)
FNDA:2,(anonymous_34)
FNDA:1,(anonymous_35)
FNDA:1,(anonymous_36)
FNDA:2,(anonymous_37)
FNDA:2,(anonymous_38)
FNDA:1,(anonymous_39)
FNDA:1,(anonymous_40)
FNDA:2,(anonymous_41)
FNDA:2,(anonymous_42)
FNDA:1,(anonymous_43)
FNDA:1,(anonymous_44)
FNDA:2,(anonymous_45)
FNDA:2,(anonymous_46)
FNDA:1,(anonymous_47)
FNDA:2,(anonymous_48)
FNDA:1,(anonymous_49)
FNDA:2,(anonymous_50)
DA:1,1
DA:2,1
DA:3,1
DA:6,1
DA:7,1
DA:8,1
DA:32,1
DA:38,25
DA:39,21
DA:40,21
DA:44,25
DA:50,25
DA:53,1
DA:57,12
DA:59,12
DA:61,12
DA:62,12
DA:64,12
DA:65,12
DA:67,12
DA:76,12
DA:79,2
DA:80,2
DA:81,2
DA:84,2
DA:88,2
DA:90,2
DA:92,2
DA:99,2
DA:106,3
DA:111,3
DA:112,3
DA:113,0
DA:115,3
DA:118,1
DA:123,1
DA:124,1
DA:125,0
DA:127,1
DA:130,4
DA:134,7
DA:137,1
DA:141,2
DA:148,1
DA:153,1
DA:154,1
DA:155,0
DA:157,1
DA:160,1
DA:165,1
DA:166,1
DA:167,0
DA:169,1
DA:172,1
DA:176,2
DA:179,1
DA:183,2
DA:190,1
DA:195,1
DA:196,1
DA:197,0
DA:199,1
DA:202,1
DA:207,1
DA:208,1
DA:209,0
DA:211,1
DA:214,1
DA:218,2
DA:221,1
DA:225,2
DA:232,1
DA:238,1
DA:239,1
DA:240,0
DA:242,1
DA:245,1
DA:250,1
DA:251,1
DA:252,0
DA:254,1
DA:257,1
DA:262,2
DA:270,1
DA:274,2
DA:281,1
DA:286,1
DA:287,1
DA:288,0
DA:290,1
DA:293,1
DA:297,2
DA:300,1
DA:305,1
DA:306,1
DA:307,0
DA:309,1
DA:312,1
DA:316,2
LF:99
LH:89
BRDA:36,0,0,23
BRDA:38,1,0,21
BRDA:62,2,0,0
BRDA:65,3,0,0
BRDA:112,4,0,0
BRDA:124,5,0,0
BRDA:154,6,0,0
BRDA:166,7,0,0
BRDA:196,8,0,0
BRDA:208,9,0,0
BRDA:236,10,0,1
BRDA:239,11,0,0
BRDA:251,12,0,0
BRDA:260,13,0,1
BRDA:287,14,0,0
BRDA:306,15,0,0
BRF:16
BRH:4
end_of_record
TN:
SF:src/bytes.ts
FN:5,(anonymous_11)
FN:24,(anonymous_12)
FN:42,(anonymous_13)
FN:64,(anonymous_14)
FN:66,(anonymous_15)
FN:67,(anonymous_16)
FN:71,(anonymous_17)
FN:73,(anonymous_18)
FN:74,(anonymous_19)
FN:78,(anonymous_20)
FN:84,(anonymous_21)
FN:88,(anonymous_22)
FN:97,(anonymous_23)
FN:98,(anonymous_24)
FN:101,(anonymous_25)
FNF:15
FNH:11
FNDA:50,(anonymous_11)
FNDA:9,(anonymous_12)
FNDA:9,(anonymous_13)
FNDA:47,(anonymous_14)
FNDA:47,(anonymous_15)
FNDA:0,(anonymous_16)
FNDA:40,(anonymous_17)
FNDA:40,(anonymous_18)
FNDA:0,(anonymous_19)
FNDA:8,(anonymous_20)
FNDA:29,(anonymous_21)
FNDA:2,(anonymous_22)
FNDA:0,(anonymous_23)
FNDA:0,(anonymous_24)
FNDA:8,(anonymous_25)
DA:1,11
DA:2,11
DA:3,11
DA:5,50
DA:6,50
DA:8,50
DA:9,491
DA:10,11
DA:11,480
DA:12,7
DA:16,32
DA:17,2
DA:18,30
DA:19,1
DA:21,29
DA:24,11
DA:25,9
DA:28,9
DA:29,9
DA:30,12
DA:31,7
DA:32,7
DA:34,5
DA:36,5
DA:39,2
DA:42,11
DA:43,9
DA:46,9
DA:47,9
DA:48,15
DA:49,7
DA:50,7
DA:52,8
DA:53,2
DA:56,6
DA:58,6
DA:61,0
DA:64,47
DA:65,47
DA:66,47
DA:67,0
DA:71,38
DA:72,40
DA:73,40
DA:74,0
DA:78,11
DA:79,8
DA:80,8
DA:83,11
DA:84,29
DA:85,29
DA:88,11
DA:89,2
DA:92,2
DA:94,2
DA:97,11
DA:98,0
DA:101,11
DA:102,8
DA:103,1
DA:106,7
DA:107,9
DA:108,3
DA:112,4
LF:64
LH:60
BRDA:9,0,0,11
BRDA:9,0,1,480
BRDA:11,1,0,7
BRDA:16,2,0,2
BRDA:16,2,1,30
BRDA:18,3,0,1
BRDA:30,4,0,7
BRDA:30,4,1,5
BRDA:48,5,0,7
BRDA:48,5,1,8
BRDA:52,6,0,2
BRDA:73,7,0,37
BRDA:73,7,1,3
BRDA:92,8,0,1
BRDA:92,8,1,1
BRDA:102,9,0,1
BRDA:107,10,0,3
BRF:17
BRH:17
end_of_record
TN:
SF:src/errors.ts
FN:10,(anonymous_3)
FN:33,(anonymous_4)
FNF:2
FNH:1
FNDA:0,(anonymous_3)
FNDA:19,(anonymous_4)
DA:10,13
DA:11,0
DA:22,21
DA:27,19
DA:36,19
DA:37,11
DA:38,8
DA:39,8
DA:41,0
DA:44,19
DA:45,0
DA:48,19
DA:50,19
DA:51,19
LF:14
LH:11
BRDA:36,0,0,11
BRDA:36,0,1,8
BRDA:38,1,0,8
BRDA:38,1,1,0
BRDA:44,2,0,0
BRDA:45,3,0,0
BRDA:45,3,1,0
BRF:7
BRH:3
end_of_record
TN:
SF:src/factories.ts
FN:30,(anonymous_4)
FN:34,(anonymous_5)
FN:39,(anonymous_6)
FN:43,(anonymous_7)
FN:75,(anonymous_8)
FN:82,(anonymous_9)
FN:86,(anonymous_10)
FN:90,(anonymous_11)
FN:96,(anonymous_12)
FN:100,(anonymous_13)
FN:105,(anonymous_14)
FN:109,(anonymous_15)
FN:113,(anonymous_16)
FN:118,(anonymous_17)
FN:124,(anonymous_18)
FN:131,(anonymous_19)
FN:139,(anonymous_20)
FN:143,(anonymous_21)
FN:153,(anonymous_22)
FN:166,(anonymous_23)
FN:167,(anonymous_24)
FN:204,(anonymous_25)
FN:212,(anonymous_26)
FN:216,(anonymous_27)
FN:220,(anonymous_28)
FN:224,(anonymous_29)
FN:235,(anonymous_30)
FN:243,(anonymous_31)
FN:244,(anonymous_32)
FN:255,(anonymous_33)
FN:261,(anonymous_34)
FN:269,(anonymous_35)
FN:270,(anonymous_36)
FN:281,(anonymous_37)
FN:288,(anonymous_38)
FN:296,(anonymous_39)
FN:297,(anonymous_40)
FN:308,(anonymous_41)
FN:316,(anonymous_42)
FN:317,(anonymous_43)
FN:328,(anonymous_44)
FN:335,(anonymous_45)
FN:343,(anonymous_46)
FN:344,(anonymous_47)
FN:355,(anonymous_48)
FN:363,(anonymous_49)
FN:364,(anonymous_50)
FN:375,(anonymous_51)
FN:396,(anonymous_52)
FN:397,(anonymous_53)
FN:429,(anonymous_54)
FN:430,(anonymous_55)
FN:451,(anonymous_56)
FN:454,(anonymous_57)
FN:473,(anonymous_58)
FN:489,(anonymous_59)
FN:496,(anonymous_60)
FN:504,(anonymous_61)
FN:505,(anonymous_62)
FN:516,(anonymous_63)
FN:531,(anonymous_64)
FN:532,(anonymous_65)
FN:543,(anonymous_66)
FN:556,(anonymous_67)
FN:567,(anonymous_68)
FN:576,(anonymous_69)
FN:585,(anonymous_70)
FN:593,(anonymous_71)
FN:603,(anonymous_72)
FN:613,(anonymous_73)
FN:622,(anonymous_74)
FNF:71
FNH:56
FNDA:232,(anonymous_4)
FNDA:127,(anonymous_5)
FNDA:94,(anonymous_6)
FNDA:0,(anonymous_7)
FNDA:0,(anonymous_8)
FNDA:12,(anonymous_9)
FNDA:17,(anonymous_10)
FNDA:1,(anonymous_11)
FNDA:13,(anonymous_12)
FNDA:0,(anonymous_13)
FNDA:12,(anonymous_14)
FNDA:0,(anonymous_15)
FNDA:2,(anonymous_16)
FNDA:0,(anonymous_17)
FNDA:85,(anonymous_18)
FNDA:3,(anonymous_19)
FNDA:6,(anonymous_20)
FNDA:1,(anonymous_21)
FNDA:0,(anonymous_22)
FNDA:21,(anonymous_23)
FNDA:11,(anonymous_24)
FNDA:45,(anonymous_25)
FNDA:54,(anonymous_26)
FNDA:54,(anonymous_27)
FNDA:54,(anonymous_28)
FNDA:27,(anonymous_29)
FNDA:27,(anonymous_30)
FNDA:3,(anonymous_31)
FNDA:3,(anonymous_32)
FNDA:1,(anonymous_33)
FNDA:1,(anonymous_34)
FNDA:1,(anonymous_35)
FNDA:1,(anonymous_36)
FNDA:2,(anonymous_37)
FNDA:1,(anonymous_38)
FNDA:1,(anonymous_39)
FNDA:1,(anonymous_40)
FNDA:1,(anonymous_41)
FNDA:1,(anonymous_42)
FNDA:1,(anonymous_43)
FNDA:2,(anonymous_44)
FNDA:1,(anonymous_45)
FNDA:1,(anonymous_46)
FNDA:1,(anonymous_47)
FNDA:1,(anonymous_48)
FNDA:1,(anonymous_49)
FNDA:1,(anonymous_50)
FNDA:1,(anonymous_51)
FNDA:3,(anonymous_52)
FNDA:1,(anonymous_53)
FNDA:2,(anonymous_54)
FNDA:1,(anonymous_55)
FNDA:1,(anonymous_56)
FNDA:1,(anonymous_57)
FNDA:10,(anonymous_58)
FNDA:1,(anonymous_59)
FNDA:1,(anonymous_60)
FNDA:1,(anonymous_61)
FNDA:1,(anonymous_62)
FNDA:0,(anonymous_63)
FNDA:0,(anonymous_64)
FNDA:0,(anonymous_65)
FNDA:1,(anonymous_66)
FNDA:0,(anonymous_67)
FNDA:0,(anonymous_68)
FNDA:0,(anonymous_69)
FNDA:0,(anonymous_70)
FNDA:0,(anonymous_71)
FNDA:0,(anonymous_72)
FNDA:1,(anonymous_73)
FNDA:1,(anonymous_74)
DA:1,10
DA:2,10
DA:3,10
DA:4,10
DA:5,10
DA:6,10
DA:7,10
DA:22,10
DA:23,10
DA:24,10
DA:30,10
DA:31,232
DA:34,10
DA:35,127
DA:36,127
DA:39,10
DA:40,94
DA:43,10
DA:44,0
DA:45,0
DA:48,0
DA:59,0
DA:60,0
DA:72,0
DA:75,10
DA:76,0
DA:77,0
DA:82,10
DA:83,12
DA:86,10
DA:87,17
DA:90,10
DA:91,1
DA:96,10
DA:97,13
DA:100,10
DA:101,0
DA:102,0
DA:105,10
DA:106,12
DA:109,10
DA:110,0
DA:113,10
DA:114,2
DA:115,2
DA:118,10
DA:119,0
DA:124,10
DA:125,85
DA:131,10
DA:132,3
DA:139,10
DA:140,6
DA:143,10
DA:144,1
DA:153,10
DA:154,0
DA:165,10
DA:167,21
DA:168,11
DA:169,0
DA:173,11
DA:174,11
DA:175,11
DA:179,11
DA:182,11
DA:183,11
DA:186,11
DA:187,1
DA:190,11
DA:191,11
DA:194,11
DA:197,21
DA:204,10
DA:205,45
DA:212,10
DA:213,54
DA:216,10
DA:217,54
DA:220,10
DA:221,54
DA:224,10
DA:225,27
DA:226,27
DA:235,10
DA:236,27
DA:242,10
DA:244,3
DA:245,3
DA:248,3
DA:255,10
DA:256,1
DA:261,10
DA:262,1
DA:268,10
DA:270,1
DA:271,1
DA:274,1
DA:281,10
DA:282,2
DA:288,10
DA:289,1
DA:295,10
DA:297,1
DA:298,1
DA:301,1
DA:308,10
DA:309,1
DA:315,10
DA:317,1
DA:318,1
DA:321,1
DA:328,10
DA:329,2
DA:335,10
DA:336,1
DA:342,10
DA:344,1
DA:345,1
DA:348,1
DA:355,10
DA:356,1
DA:362,10
DA:364,1
DA:365,1
DA:368,1
DA:375,10
DA:376,1
DA:377,1
DA:379,1
DA:387,10
DA:397,3
DA:398,1
DA:399,1
DA:400,1
DA:403,1
DA:405,1
DA:406,1
DA:407,1
DA:408,1
DA:414,1
DA:417,1
DA:420,3
DA:426,10
DA:430,2
DA:431,1
DA:432,1
DA:433,1
DA:436,1
DA:438,1
DA:441,2
DA:448,10
DA:452,1
DA:454,1
DA:455,1
DA:458,1
DA:463,1
DA:473,10
DA:474,10
DA:479,10
DA:484,10
DA:489,10
DA:490,1
DA:496,10
DA:497,1
DA:503,10
DA:505,1
DA:506,1
DA:509,1
DA:516,10
DA:517,0
DA:521,0
DA:530,10
DA:532,0
DA:533,0
DA:536,0
DA:543,10
DA:544,1
DA:556,10
DA:557,0
DA:567,10
DA:568,0
DA:576,10
DA:577,0
DA:585,10
DA:586,0
DA:592,10
DA:594,0
DA:603,10
DA:604,0
DA:613,10
DA:614,1
DA:621,10
DA:623,1
DA:632,63
LF:195
LH:170
BRDA:35,0,0,127
BRDA:35,0,1,0
BRDA:114,1,0,2
BRDA:114,1,1,2
BRDA:168,2,0,0
BRDA:174,3,0,11
BRDA:179,4,0,11
BRDA:179,4,1,10
BRDA:182,5,0,11
BRDA:186,6,0,1
BRDA:190,7,0,11
BRDA:398,8,0,1
BRDA:398,8,1,1
BRDA:399,9,0,1
BRDA:403,10,0,1
BRDA:405,11,0,1
BRDA:405,11,1,0
BRDA:406,12,0,1
BRDA:406,12,1,0
BRDA:411,13,0,1
BRDA:411,13,1,0
BRDA:432,14,0,1
BRDA:452,15,0,1
BRDA:452,15,1,1
BRDA:579,16,0,0
BRDA:579,16,1,0
BRDA:596,17,0,0
BRDA:596,17,1,0
BRDA:625,18,0,0
BRDA:625,18,1,1
BRF:30
BRH:20
end_of_record
TN:
SF:src/time.ts
FN:10,(anonymous_6)
FN:19,(anonymous_7)
FN:35,(anonymous_8)
FN:40,(anonymous_9)
FNF:4
FNH:3
FNDA:129,(anonymous_6)
FNDA:138,(anonymous_7)
FNDA:2,(anonymous_8)
FNDA:0,(anonymous_9)
DA:1,11
DA:2,11
DA:4,11
DA:10,129
DA:11,129
DA:19,11
DA:20,138
DA:21,1
DA:23,137
DA:24,137
DA:25,1
DA:27,136
DA:35,11
DA:36,2
DA:40,11
DA:41,0
DA:42,0
DA:43,0
DA:44,0
LF:19
LH:15
BRDA:20,0,0,1
BRDA:24,1,0,1
BRF:2
BRH:2
end_of_record
TN:
SF:src/userNameProof.ts
FN:12,(anonymous_1)
FNF:1
FNH:1
FNDA:7,(anonymous_1)
DA:12,7
DA:24,7
LF:2
LH:2
BRF:0
BRH:0
end_of_record
TN:
SF:src/validations.ts
FN:37,(anonymous_40)
FN:39,(anonymous_41)
FN:41,(anonymous_42)
FN:44,(anonymous_43)
FN:60,(anonymous_44)
FN:76,(anonymous_45)
FN:97,(anonymous_46)
FN:109,(anonymous_47)
FN:114,(anonymous_48)
FN:116,(anonymous_49)
FN:116,(anonymous_50)
FN:120,(anonymous_51)
FN:136,(anonymous_52)
FN:148,(anonymous_53)
FN:160,(anonymous_54)
FN:172,(anonymous_55)
FN:245,(anonymous_56)
FN:325,(anonymous_57)
FN:360,(anonymous_58)
FN:382,(anonymous_59)
FN:390,(anonymous_60)
FN:392,(anonymous_61)
FN:394,(anonymous_62)
FN:400,(anonymous_63)
FN:516,(anonymous_64)
FN:517,(anonymous_65)
FN:520,(anonymous_66)
FN:529,(anonymous_67)
FN:537,(anonymous_68)
FN:549,(anonymous_69)
FN:557,(anonymous_70)
FN:565,(anonymous_71)
FN:576,(anonymous_72)
FN:579,(anonymous_73)
FN:594,(anonymous_74)
FN:597,(anonymous_75)
FN:621,(anonymous_76)
FN:624,(anonymous_77)
FN:627,(anonymous_78)
FN:661,(anonymous_79)
FN:673,(anonymous_80)
FN:723,(anonymous_81)
FN:756,(anonymous_82)
FNF:43
FNH:34
FNDA:22,(anonymous_40)
FNDA:0,(anonymous_41)
FNDA:22,(anonymous_42)
FNDA:0,(anonymous_43)
FNDA:0,(anonymous_44)
FNDA:0,(anonymous_45)
FNDA:25,(anonymous_46)
FNDA:20,(anonymous_47)
FNDA:20,(anonymous_48)
FNDA:0,(anonymous_49)
FNDA:0,(anonymous_50)
FNDA:98,(anonymous_51)
FNDA:22,(anonymous_52)
FNDA:17,(anonymous_53)
FNDA:0,(anonymous_54)
FNDA:22,(anonymous_55)
FNDA:57,(anonymous_56)
FNDA:5,(anonymous_57)
FNDA:5,(anonymous_58)
FNDA:5,(anonymous_59)
FNDA:10,(anonymous_60)
FNDA:5,(anonymous_61)
FNDA:5,(anonymous_62)
FNDA:13,(anonymous_63)
FNDA:5,(anonymous_64)
FNDA:5,(anonymous_65)
FNDA:10,(anonymous_66)
FNDA:10,(anonymous_67)
FNDA:20,(anonymous_68)
FNDA:57,(anonymous_69)
FNDA:57,(anonymous_70)
FNDA:10,(anonymous_71)
FNDA:10,(anonymous_72)
FNDA:10,(anonymous_73)
FNDA:10,(anonymous_74)
FNDA:5,(anonymous_75)
FNDA:5,(anonymous_76)
FNDA:5,(anonymous_77)
FNDA:4,(anonymous_78)
FNDA:0,(anonymous_79)
FNDA:5,(anonymous_80)
FNDA:0,(anonymous_81)
FNDA:4,(anonymous_82)
DA:1,7
DA:2,7
DA:3,7
DA:4,7
DA:5,7
DA:6,7
DA:7,7
DA:8,7
DA:10,7
DA:11,7
DA:14,7
DA:16,7
DA:17,7
DA:19,7
DA:21,7
DA:36,7
DA:38,22
DA:40,0
DA:41,22
DA:44,7
DA:49,0
DA:50,0
DA:53,0
DA:54,0
DA:57,0
DA:60,7
DA:65,0
DA:66,0
DA:69,0
DA:70,0
DA:73,0
DA:76,7
DA:82,0
DA:83,0
DA:86,0
DA:87,0
DA:90,0
DA:91,0
DA:94,0
DA:97,7
DA:98,25
DA:99,0
DA:102,25
DA:103,0
DA:106,25
DA:109,7
DA:110,20
DA:111,0
DA:113,20
DA:114,20
DA:116,0
DA:120,7
DA:121,98
DA:122,0
DA:125,98
DA:126,0
DA:129,98
DA:130,0
DA:133,98
DA:136,12
DA:137,22
DA:138,0
DA:141,22
DA:142,0
DA:145,22
DA:148,12
DA:149,17
DA:150,0
DA:153,17
DA:154,0
DA:157,17
DA:160,7
DA:161,0
DA:162,0
DA:165,0
DA:166,0
DA:169,0
DA:172,22
DA:178,22
DA:179,22
DA:180,0
DA:182,22
DA:183,22
DA:184,0
DA:189,22
DA:190,22
DA:191,0
DA:198,22
DA:199,0
DA:200,0
DA:203,0
DA:206,22
DA:210,22
DA:212,22
DA:213,0
DA:216,0
DA:220,22
DA:221,22
DA:222,0
DA:226,22
DA:227,22
DA:228,0
DA:232,22
DA:233,22
DA:235,22
DA:236,1
DA:239,0
DA:242,21
DA:245,35
DA:250,57
DA:251,57
DA:252,0
DA:255,57
DA:256,57
DA:257,0
DA:261,57
DA:262,0
DA:266,57
DA:267,57
DA:268,0
DA:272,57
DA:273,57
DA:274,0
DA:280,57
DA:282,13
DA:283,13
DA:284,44
DA:285,5
DA:286,39
DA:291,10
DA:292,29
DA:296,10
DA:297,19
DA:298,5
DA:299,14
DA:304,5
DA:310,9
DA:311,5
DA:312,4
DA:313,4
DA:315,0
DA:318,57
DA:319,0
DA:322,57
DA:325,7
DA:331,5
DA:332,0
DA:335,5
DA:336,5
DA:337,0
DA:340,5
DA:349,5
DA:350,0
DA:353,5
DA:354,0
DA:357,5
DA:360,7
DA:361,5
DA:362,0
DA:365,5
DA:366,5
DA:367,0
DA:369,5
DA:371,5
DA:372,0
DA:375,5
DA:376,0
DA:379,5
DA:382,7
DA:383,5
DA:384,0
DA:386,5
DA:390,7
DA:391,10
DA:392,5
DA:393,5
DA:394,5
DA:396,0
DA:400,7
DA:404,13
DA:405,13
DA:406,0
DA:409,13
DA:410,13
DA:411,0
DA:413,13
DA:415,13
DA:416,0
DA:419,13
DA:420,0
DA:423,13
DA:424,0
DA:427,13
DA:428,0
DA:431,13
DA:432,0
DA:435,13
DA:436,0
DA:439,13
DA:440,0
DA:443,13
DA:449,0
DA:452,13
DA:453,10
DA:455,10
DA:456,0
DA:459,10
DA:460,10
DA:461,0
DA:465,13
DA:466,0
DA:468,0
DA:469,0
DA:472,0
DA:473,0
DA:474,0
DA:478,13
DA:479,11
DA:480,11
DA:481,0
DA:483,11
DA:484,11
DA:485,0
DA:487,11
DA:488,0
DA:490,11
DA:492,6
DA:493,6
DA:494,0
DA:501,13
DA:502,0
DA:505,13
DA:506,13
DA:507,5
DA:508,5
DA:509,0
DA:513,13
DA:516,7
DA:517,5
DA:520,7
DA:521,10
DA:522,10
DA:523,0
DA:526,10
DA:529,7
DA:530,10
DA:531,0
DA:534,10
DA:537,7
DA:540,20
DA:541,0
DA:542,20
DA:543,10
DA:545,10
DA:549,7
DA:550,57
DA:551,0
DA:554,57
DA:557,7
DA:558,57
DA:559,0
DA:562,57
DA:565,7
DA:566,10
DA:567,10
DA:568,0
DA:571,10
DA:572,10
DA:573,0
DA:576,10
DA:579,7
DA:580,10
DA:581,10
DA:582,0
DA:585,10
DA:586,0
DA:589,10
DA:590,10
DA:591,0
DA:594,10
DA:597,7
DA:603,5
DA:604,5
DA:605,0
DA:608,5
DA:609,5
DA:610,0
DA:613,5
DA:614,5
DA:615,0
DA:618,5
DA:621,7
DA:624,5
DA:627,7
DA:632,4
DA:633,0
DA:635,4
DA:636,4
DA:637,0
DA:639,4
DA:640,0
DA:646,4
DA:647,4
DA:648,0
DA:650,4
DA:651,0
DA:658,4
DA:661,7
DA:662,0
DA:667,0
DA:670,0
DA:673,7
DA:674,5
DA:676,5
DA:677,5
DA:678,0
DA:681,5
DA:683,5
DA:685,2
DA:686,0
DA:688,2
DA:690,0
DA:691,0
DA:693,0
DA:695,3
DA:696,0
DA:698,3
DA:700,0
DA:701,0
DA:703,0
DA:706,0
DA:707,0
DA:708,0
DA:710,0
DA:711,0
DA:714,0
DA:717,0
DA:720,5
DA:723,7
DA:724,0
DA:725,0
DA:729,0
DA:730,0
DA:731,0
DA:732,0
DA:734,0
DA:736,0
DA:739,0
DA:740,0
DA:744,0
DA:745,0
DA:748,0
DA:749,0
DA:750,0
DA:753,0
DA:756,7
DA:757,4
DA:758,0
DA:762,4
DA:763,4
DA:764,4
DA:765,0
DA:767,4
DA:769,0
DA:772,4
DA:773,0
DA:776,4
DA:777,4
DA:779,0
DA:782,4
DA:783,0
DA:786,4
DA:787,4
DA:788,0
DA:791,4
DA:792,0
DA:795,4
DA:796,4
DA:797,0
DA:800,4
LF:380
LH:232
BRDA:47,0,0,0
BRDA:49,1,0,0
BRDA:49,2,0,0
BRDA:49,2,1,0
BRDA:53,3,0,0
BRDA:63,4,0,0
BRDA:65,5,0,0
BRDA:65,6,0,0
BRDA:65,6,1,0
BRDA:69,7,0,0
BRDA:69,8,0,0
BRDA:69,8,1,0
BRDA:80,9,0,0
BRDA:82,10,0,0
BRDA:82,11,0,0
BRDA:82,11,1,0
BRDA:86,12,0,0
BRDA:86,13,0,0
BRDA:86,13,1,0
BRDA:90,14,0,0
BRDA:90,15,0,0
BRDA:90,15,1,0
BRDA:98,16,0,0
BRDA:98,17,0,25
BRDA:98,17,1,25
BRDA:102,18,0,0
BRDA:110,19,0,0
BRDA:121,20,0,0
BRDA:121,21,0,98
BRDA:121,21,1,98
BRDA:125,22,0,0
BRDA:129,23,0,0
BRDA:137,24,0,0
BRDA:137,25,0,22
BRDA:137,25,1,22
BRDA:141,26,0,0
BRDA:149,27,0,0
BRDA:149,28,0,17
BRDA:149,28,1,17
BRDA:153,29,0,0
BRDA:161,30,0,0
BRDA:161,31,0,0
BRDA:161,31,1,0
BRDA:165,32,0,0
BRDA:174,33,0,22
BRDA:175,34,0,22
BRDA:179,35,0,0
BRDA:183,36,0,0
BRDA:190,37,0,0
BRDA:198,38,0,0
BRDA:198,38,1,22
BRDA:198,39,0,22
BRDA:198,39,1,0
BRDA:199,40,0,0
BRDA:210,41,0,22
BRDA:210,41,1,0
BRDA:212,42,0,0
BRDA:221,43,0,0
BRDA:227,44,0,0
BRDA:232,45,0,22
BRDA:232,45,1,0
BRDA:235,46,0,1
BRDA:247,47,0,10
BRDA:251,48,0,0
BRDA:256,49,0,0
BRDA:261,50,0,0
BRDA:267,51,0,0
BRDA:273,52,0,0
BRDA:280,53,0,13
BRDA:280,53,1,44
BRDA:280,54,0,57
BRDA:280,54,1,13
BRDA:284,55,0,5
BRDA:284,55,1,39
BRDA:284,56,0,44
BRDA:284,56,1,5
BRDA:286,57,0,10
BRDA:286,57,1,29
BRDA:287,58,0,39
BRDA:287,58,1,34
BRDA:287,58,2,10
BRDA:292,59,0,10
BRDA:292,59,1,19
BRDA:293,60,0,29
BRDA:293,60,1,24
BRDA:293,60,2,10
BRDA:297,61,0,5
BRDA:297,61,1,14
BRDA:297,62,0,19
BRDA:297,62,1,5
BRDA:299,63,0,5
BRDA:299,63,1,9
BRDA:300,64,0,14
BRDA:300,64,1,5
BRDA:310,65,0,5
BRDA:310,65,1,4
BRDA:310,66,0,9
BRDA:310,66,1,5
BRDA:312,67,0,4
BRDA:312,67,1,0
BRDA:312,68,0,4
BRDA:312,68,1,4
BRDA:318,69,0,0
BRDA:329,70,0,0
BRDA:331,71,0,0
BRDA:336,72,0,0
BRDA:349,73,0,0
BRDA:353,74,0,0
BRDA:361,75,0,0
BRDA:366,76,0,0
BRDA:371,77,0,0
BRDA:375,78,0,0
BRDA:383,79,0,0
BRDA:383,79,1,5
BRDA:391,80,0,5
BRDA:391,80,1,5
BRDA:393,81,0,5
BRDA:393,81,1,0
BRDA:402,82,0,0
BRDA:405,83,0,0
BRDA:405,84,0,13
BRDA:405,84,1,13
BRDA:410,85,0,0
BRDA:415,86,0,0
BRDA:419,87,0,0
BRDA:423,88,0,0
BRDA:423,89,0,13
BRDA:423,89,1,0
BRDA:427,90,0,0
BRDA:427,91,0,13
BRDA:427,91,1,13
BRDA:431,92,0,0
BRDA:435,93,0,0
BRDA:439,94,0,0
BRDA:439,95,0,13
BRDA:439,95,1,5
BRDA:443,96,0,0
BRDA:444,97,0,13
BRDA:444,97,1,0
BRDA:444,97,2,0
BRDA:444,97,3,0
BRDA:455,98,0,0
BRDA:460,99,0,0
BRDA:468,100,0,0
BRDA:473,101,0,0
BRDA:480,102,0,0
BRDA:484,103,0,0
BRDA:484,104,0,11
BRDA:484,104,1,11
BRDA:487,105,0,0
BRDA:487,106,0,11
BRDA:487,106,1,11
BRDA:490,107,0,6
BRDA:493,108,0,0
BRDA:501,109,0,0
BRDA:501,110,0,13
BRDA:501,110,1,5
BRDA:505,111,0,13
BRDA:505,111,1,8
BRDA:506,112,0,5
BRDA:508,113,0,0
BRDA:522,114,0,0
BRDA:522,115,0,10
BRDA:522,115,1,10
BRDA:530,116,0,0
BRDA:540,117,0,0
BRDA:540,117,1,20
BRDA:542,118,0,10
BRDA:542,118,1,10
BRDA:550,119,0,0
BRDA:558,120,0,0
BRDA:567,121,0,0
BRDA:572,122,0,0
BRDA:581,123,0,0
BRDA:585,124,0,0
BRDA:585,125,0,10
BRDA:585,125,1,10
BRDA:589,126,0,10
BRDA:589,126,1,0
BRDA:590,127,0,0
BRDA:604,128,0,0
BRDA:609,129,0,0
BRDA:614,130,0,0
BRDA:632,131,0,0
BRDA:636,132,0,0
BRDA:639,133,0,0
BRDA:647,134,0,0
BRDA:650,135,0,0
BRDA:662,136,0,0
BRDA:663,137,0,0
BRDA:663,137,1,0
BRDA:663,137,2,0
BRDA:677,138,0,0
BRDA:683,139,0,2
BRDA:683,139,1,0
BRDA:683,139,2,3
BRDA:683,139,3,0
BRDA:683,139,4,0
BRDA:683,139,5,0
BRDA:685,140,0,0
BRDA:690,141,0,0
BRDA:695,142,0,0
BRDA:700,143,0,0
BRDA:706,144,0,0
BRDA:710,145,0,0
BRDA:710,146,0,0
BRDA:710,146,1,0
BRDA:724,147,0,0
BRDA:724,148,0,0
BRDA:724,148,1,0
BRDA:724,148,2,0
BRDA:729,149,0,0
BRDA:729,149,1,0
BRDA:731,150,0,0
BRDA:739,151,0,0
BRDA:739,152,0,0
BRDA:739,152,1,0
BRDA:739,152,2,0
BRDA:744,153,0,0
BRDA:749,154,0,0
BRDA:757,155,0,0
BRDA:757,156,0,4
BRDA:757,156,1,4
BRDA:757,156,2,4
BRDA:762,157,0,4
BRDA:762,157,1,0
BRDA:764,158,0,0
BRDA:772,159,0,0
BRDA:772,160,0,4
BRDA:772,160,1,4
BRDA:772,160,2,4
BRDA:782,161,0,0
BRDA:787,162,0,0
BRDA:787,163,0,4
BRDA:787,163,1,4
BRDA:791,164,0,0
BRDA:796,165,0,0
BRF:237
BRH:90
end_of_record
TN:
SF:src/verifications.ts
FN:14,(anonymous_1)
FN:20,(anonymous_2)
FN:27,(anonymous_3)
FNF:3
FNH:3
FNDA:12,(anonymous_1)
FNDA:12,(anonymous_2)
FNDA:12,(anonymous_3)
DA:2,7
DA:3,7
DA:5,7
DA:14,12
DA:20,12
DA:21,12
DA:23,12
DA:24,0
DA:27,12
DA:28,12
DA:30,12
DA:31,0
DA:34,12
LF:13
LH:11
BRDA:23,0,0,0
BRDA:30,1,0,0
BRF:2
BRH:0
end_of_record
TN:
SF:src/crypto/ed25519.ts
FN:5,(anonymous_4)
FN:6,(anonymous_5)
FN:7,(anonymous_6)
FN:9,(anonymous_7)
FN:13,(anonymous_8)
FN:17,(anonymous_9)
FNF:6
FNH:4
FNDA:0,(anonymous_4)
FNDA:0,(anonymous_5)
FNDA:2,(anonymous_6)
FNDA:1,(anonymous_7)
FNDA:2,(anonymous_8)
FNDA:24,(anonymous_9)
DA:1,10
DA:2,10
DA:3,10
DA:5,10
DA:6,10
DA:7,10
DA:9,10
DA:10,1
DA:13,10
DA:14,2
DA:17,24
DA:22,24
LF:12
LH:12
BRF:0
BRH:0
end_of_record
TN:
SF:src/crypto/eip712.ts
FN:57,(anonymous_12)
FN:66,(anonymous_13)
FN:78,(anonymous_14)
FN:83,(anonymous_15)
FN:94,(anonymous_16)
FN:106,(anonymous_17)
FN:111,(anonymous_18)
FN:122,(anonymous_19)
FN:133,(anonymous_20)
FN:138,(anonymous_21)
FN:152,(anonymous_22)
FN:158,(anonymous_23)
FN:172,(anonymous_24)
FNF:13
FNH:4
FNDA:9,(anonymous_12)
FNDA:0,(anonymous_13)
FNDA:0,(anonymous_14)
FNDA:0,(anonymous_15)
FNDA:0,(anonymous_16)
FNDA:0,(anonymous_17)
FNDA:9,(anonymous_18)
FNDA:0,(anonymous_19)
FNDA:0,(anonymous_20)
FNDA:5,(anonymous_21)
FNDA:0,(anonymous_22)
FNDA:3,(anonymous_23)
FNDA:0,(anonymous_24)
DA:1,10
DA:2,10
DA:3,10
DA:6,10
DA:7,10
DA:9,16
DA:16,13
DA:35,10
DA:37,10
DA:44,11
DA:51,11
DA:57,10
DA:63,9
DA:64,0
DA:66,0
DA:69,9
DA:78,0
DA:80,9
DA:83,10
DA:90,0
DA:91,0
DA:92,0
DA:94,0
DA:97,0
DA:106,0
DA:108,0
DA:111,10
DA:119,9
DA:120,0
DA:122,0
DA:126,9
DA:127,9
DA:128,0
DA:129,0
DA:131,0
DA:133,0
DA:138,10
DA:143,5
DA:152,0
DA:155,5
DA:158,10
DA:163,3
DA:172,0
DA:175,3
LF:44
LH:26
BRDA:63,0,0,0
BRDA:88,1,0,0
BRDA:91,2,0,0
BRDA:115,3,0,1
BRDA:116,4,0,1
BRDA:117,5,0,4
BRDA:119,6,0,0
BRDA:126,7,0,9
BRDA:126,7,1,0
BRDA:128,8,0,0
BRDA:128,8,1,0
BRF:11
BRH:4
end_of_record
TN:
SF:src/crypto/index.ts
FNF:0
FNH:0
DA:1,10
DA:2,10
LF:2
LH:2
BRF:0
BRH:0
end_of_record
TN:
SF:src/eth/chains.ts
FNF:0
FNH:0
DA:1,10
DA:3,10
LF:2
LH:2
BRF:0
BRH:0
end_of_record
TN:
SF:src/eth/clients.ts
FNF:0
FNH:0
DA:1,10
DA:2,10
DA:12,10
DA:17,10
DA:22,10
DA:27,10
DA:32,61
LF:7
LH:7
BRF:0
BRH:0
end_of_record
TN:
SF:src/protobufs/index.ts
FNF:0
FNH:0
DA:1,10
DA:2,10
DA:3,10
DA:4,10
DA:5,10
DA:6,10
DA:7,10
DA:8,10
DA:9,10
DA:10,10
DA:11,10
LF:11
LH:11
BRF:0
BRH:0
end_of_record
TN:
SF:src/protobufs/typeguards.ts
FN:8,(anonymous_33)
FN:12,(anonymous_34)
FN:20,(anonymous_35)
FN:24,(anonymous_36)
FN:32,(anonymous_37)
FN:36,(anonymous_38)
FN:44,(anonymous_39)
FN:48,(anonymous_40)
FN:56,(anonymous_41)
FN:60,(anonymous_42)
FN:68,(anonymous_43)
FN:72,(anonymous_44)
FN:80,(anonymous_45)
FN:89,(anonymous_46)
FN:99,(anonymous_47)
FN:103,(anonymous_48)
FN:111,(anonymous_49)
FN:115,(anonymous_50)
FN:123,(anonymous_51)
FN:127,(anonymous_52)
FN:135,(anonymous_53)
FN:142,(anonymous_54)
FN:151,(anonymous_55)
FN:160,(anonymous_56)
FN:171,(anonymous_57)
FN:179,(anonymous_58)
FN:187,(anonymous_59)
FN:195,(anonymous_60)
FN:203,(anonymous_61)
FNF:29
FNH:18
FNDA:1,(anonymous_33)
FNDA:1,(anonymous_34)
FNDA:1,(anonymous_35)
FNDA:1,(anonymous_36)
FNDA:1,(anonymous_37)
FNDA:1,(anonymous_38)
FNDA:1,(anonymous_39)
FNDA:1,(anonymous_40)
FNDA:1,(anonymous_41)
FNDA:1,(anonymous_42)
FNDA:1,(anonymous_43)
FNDA:1,(anonymous_44)
FNDA:1,(anonymous_45)
FNDA:1,(anonymous_46)
FNDA:1,(anonymous_47)
FNDA:1,(anonymous_48)
FNDA:1,(anonymous_49)
FNDA:1,(anonymous_50)
FNDA:0,(anonymous_51)
FNDA:0,(anonymous_52)
FNDA:0,(anonymous_53)
FNDA:0,(anonymous_54)
FNDA:0,(anonymous_55)
FNDA:0,(anonymous_56)
FNDA:0,(anonymous_57)
FNDA:0,(anonymous_58)
FNDA:0,(anonymous_59)
FNDA:0,(anonymous_60)
FNDA:0,(anonymous_61)
DA:1,10
DA:2,10
DA:3,10
DA:8,10
DA:9,1
DA:12,10
DA:13,1
DA:20,10
DA:21,1
DA:24,10
DA:25,1
DA:32,10
DA:33,1
DA:36,10
DA:37,1
DA:44,10
DA:45,1
DA:48,10
DA:49,1
DA:56,10
DA:57,1
DA:60,10
DA:61,1
DA:68,10
DA:69,1
DA:72,10
DA:73,1
DA:80,10
DA:83,1
DA:89,10
DA:92,1
DA:99,10
DA:100,1
DA:103,10
DA:104,1
DA:111,10
DA:112,1
DA:115,10
DA:116,1
DA:123,10
DA:124,0
DA:127,10
DA:128,0
DA:135,10
DA:136,0
DA:142,10
DA:145,0
DA:151,10
DA:154,0
DA:160,10
DA:163,0
DA:171,10
DA:172,0
DA:179,10
DA:180,0
DA:187,10
DA:188,0
DA:195,10
DA:196,0
DA:203,10
DA:206,0
LF:61
LH:50
BRDA:9,0,0,1
BRDA:9,0,1,1
BRDA:14,1,0,1
BRDA:14,1,1,1
BRDA:14,1,2,1
BRDA:21,2,0,1
BRDA:21,2,1,1
BRDA:26,3,0,1
BRDA:26,3,1,1
BRDA:26,3,2,1
BRDA:33,4,0,1
BRDA:33,4,1,1
BRDA:38,5,0,1
BRDA:38,5,1,1
BRDA:38,5,2,1
BRDA:45,6,0,1
BRDA:45,6,1,1
BRDA:50,7,0,1
BRDA:50,7,1,1
BRDA:50,7,2,1
BRDA:57,8,0,1
BRDA:57,8,1,1
BRDA:62,9,0,1
BRDA:62,9,1,1
BRDA:62,9,2,1
BRDA:69,10,0,1
BRDA:69,10,1,1
BRDA:74,11,0,1
BRDA:74,11,1,1
BRDA:74,11,2,1
BRDA:84,12,0,1
BRDA:84,12,1,1
BRDA:93,13,0,1
BRDA:93,13,1,1
BRDA:93,13,2,1
BRDA:100,14,0,1
BRDA:100,14,1,1
BRDA:105,15,0,1
BRDA:105,15,1,1
BRDA:105,15,2,1
BRDA:112,16,0,1
BRDA:112,16,1,1
BRDA:117,17,0,1
BRDA:117,17,1,1
BRDA:117,17,2,1
BRDA:124,18,0,0
BRDA:124,18,1,0
BRDA:129,19,0,0
BRDA:129,19,1,0
BRDA:129,19,2,0
BRDA:137,20,0,0
BRDA:137,20,1,0
BRDA:146,21,0,0
BRDA:146,21,1,0
BRDA:155,22,0,0
BRDA:155,22,1,0
BRDA:164,23,0,0
BRDA:164,23,1,0
BRDA:173,24,0,0
BRDA:173,24,1,0
BRDA:173,24,2,0
BRDA:181,25,0,0
BRDA:181,25,1,0
BRDA:181,25,2,0
BRDA:189,26,0,0
BRDA:189,26,1,0
BRDA:189,26,2,0
BRDA:197,27,0,0
BRDA:197,27,1,0
BRDA:197,27,2,0
BRDA:207,28,0,0
BRDA:207,28,1,0
BRDA:207,28,2,0
BRDA:207,28,3,0
BRF:74
BRH:45
end_of_record
TN:
SF:src/protobufs/generated/gossip.ts
FN:6,(anonymous_12)
FN:11,gossipVersionFromJSON
FN:24,gossipVersionToJSON
FN:105,createBaseGossipAddressInfo
FN:110,(anonymous_16)
FN:126,(anonymous_17)
FN:170,(anonymous_18)
FN:179,(anonymous_19)
FN:188,(anonymous_20)
FN:192,(anonymous_21)
FN:202,createBaseContactInfoContentBody
FN:216,(anonymous_23)
FN:244,(anonymous_24)
FN:316,(anonymous_25)
FN:320,(anonymous_26)
FN:329,(anonymous_27)
FN:336,(anonymous_28)
FN:348,(anonymous_29)
FN:352,(anonymous_30)
FN:360,(anonymous_31)
FN:370,createBaseContactInfoContent
FN:388,(anonymous_33)
FN:428,(anonymous_34)
FN:528,(anonymous_35)
FN:532,(anonymous_36)
FN:545,(anonymous_37)
FN:552,(anonymous_38)
FN:571,(anonymous_39)
FN:575,(anonymous_40)
FN:583,(anonymous_41)
FN:599,createBasePingMessageBody
FN:604,(anonymous_43)
FN:614,(anonymous_44)
FN:644,(anonymous_45)
FN:651,(anonymous_46)
FN:661,(anonymous_47)
FN:665,(anonymous_48)
FN:673,createBaseAckMessageBody
FN:678,(anonymous_50)
FN:694,(anonymous_51)
FN:738,(anonymous_52)
FN:747,(anonymous_53)
FN:762,(anonymous_54)
FN:766,(anonymous_55)
FN:776,createBaseNetworkLatencyMessage
FN:781,(anonymous_57)
FN:791,(anonymous_58)
FN:821,(anonymous_59)
FN:828,(anonymous_60)
FN:837,(anonymous_61)
FN:841,(anonymous_62)
FN:853,createBaseGossipMessage
FN:865,(anonymous_64)
FN:887,(anonymous_65)
FN:945,(anonymous_66)
FN:954,(anonymous_67)
FN:960,(anonymous_68)
FN:970,(anonymous_69)
FN:980,(anonymous_70)
FN:984,(anonymous_71)
FN:996,(anonymous_72)
FN:1006,(anonymous_73)
FN:1022,bytesFromBase64
FN:1035,base64FromBytes
FN:1040,(anonymous_76)
FN:1058,longToNumber
FN:1070,isSet
FNF:67
FNH:2
FNDA:10,(anonymous_12)
FNDA:0,gossipVersionFromJSON
FNDA:0,gossipVersionToJSON
FNDA:0,createBaseGossipAddressInfo
FNDA:0,(anonymous_16)
FNDA:0,(anonymous_17)
FNDA:0,(anonymous_18)
FNDA:0,(anonymous_19)
FNDA:0,(anonymous_20)
FNDA:0,(anonymous_21)
FNDA:0,createBaseContactInfoContentBody
FNDA:0,(anonymous_23)
FNDA:0,(anonymous_24)
FNDA:0,(anonymous_25)
FNDA:0,(anonymous_26)
FNDA:0,(anonymous_27)
FNDA:0,(anonymous_28)
FNDA:0,(anonymous_29)
FNDA:0,(anonymous_30)
FNDA:0,(anonymous_31)
FNDA:0,createBaseContactInfoContent
FNDA:0,(anonymous_33)
FNDA:0,(anonymous_34)
FNDA:0,(anonymous_35)
FNDA:0,(anonymous_36)
FNDA:0,(anonymous_37)
FNDA:0,(anonymous_38)
FNDA:0,(anonymous_39)
FNDA:0,(anonymous_40)
FNDA:0,(anonymous_41)
FNDA:0,createBasePingMessageBody
FNDA:0,(anonymous_43)
FNDA:0,(anonymous_44)
FNDA:0,(anonymous_45)
FNDA:0,(anonymous_46)
FNDA:0,(anonymous_47)
FNDA:0,(anonymous_48)
FNDA:0,createBaseAckMessageBody
FNDA:0,(anonymous_50)
FNDA:0,(anonymous_51)
FNDA:0,(anonymous_52)
FNDA:0,(anonymous_53)
FNDA:0,(anonymous_54)
FNDA:0,(anonymous_55)
FNDA:0,createBaseNetworkLatencyMessage
FNDA:0,(anonymous_57)
FNDA:0,(anonymous_58)
FNDA:0,(anonymous_59)
FNDA:0,(anonymous_60)
FNDA:0,(anonymous_61)
FNDA:0,(anonymous_62)
FNDA:0,createBaseGossipMessage
FNDA:0,(anonymous_64)
FNDA:0,(anonymous_65)
FNDA:0,(anonymous_66)
FNDA:0,(anonymous_67)
FNDA:0,(anonymous_68)
FNDA:0,(anonymous_69)
FNDA:0,(anonymous_70)
FNDA:0,(anonymous_71)
FNDA:0,(anonymous_72)
FNDA:10,(anonymous_73)
FNDA:0,bytesFromBase64
FNDA:0,base64FromBytes
FNDA:0,(anonymous_76)
FNDA:0,longToNumber
FNDA:0,isSet
DA:2,10
DA:3,10
DA:4,10
DA:6,10
DA:11,0
DA:12,0
DA:15,0
DA:18,0
DA:20,0
DA:24,0
DA:25,0
DA:27,0
DA:29,0
DA:31,0
DA:106,0
DA:109,10
DA:111,0
DA:112,0
DA:114,0
DA:115,0
DA:117,0
DA:118,0
DA:120,0
DA:121,0
DA:123,0
DA:127,0
DA:128,0
DA:129,0
DA:130,0
DA:131,0
DA:132,0
DA:134,0
DA:135,0
DA:138,0
DA:139,0
DA:141,0
DA:142,0
DA:145,0
DA:146,0
DA:148,0
DA:149,0
DA:152,0
DA:153,0
DA:155,0
DA:156,0
DA:159,0
DA:160,0
DA:162,0
DA:163,0
DA:165,0
DA:167,0
DA:171,0
DA:180,0
DA:181,0
DA:182,0
DA:183,0
DA:184,0
DA:185,0
DA:189,0
DA:193,0
DA:194,0
DA:195,0
DA:196,0
DA:197,0
DA:198,0
DA:203,0
DA:215,10
DA:217,0
DA:218,0
DA:220,0
DA:221,0
DA:223,0
DA:224,0
DA:226,0
DA:227,0
DA:229,0
DA:230,0
DA:232,0
DA:233,0
DA:235,0
DA:236,0
DA:238,0
DA:239,0
DA:241,0
DA:245,0
DA:246,0
DA:247,0
DA:248,0
DA:249,0
DA:250,0
DA:252,0
DA:253,0
DA:256,0
DA:257,0
DA:259,0
DA:260,0
DA:263,0
DA:264,0
DA:266,0
DA:267,0
DA:270,0
DA:271,0
DA:273,0
DA:274,0
DA:277,0
DA:278,0
DA:280,0
DA:281,0
DA:284,0
DA:285,0
DA:287,0
DA:288,0
DA:291,0
DA:292,0
DA:294,0
DA:295,0
DA:298,0
DA:299,0
DA:301,0
DA:302,0
DA:305,0
DA:306,0
DA:308,0
DA:309,0
DA:311,0
DA:313,0
DA:317,0
DA:320,0
DA:330,0
DA:331,0
DA:333,0
DA:335,0
DA:336,0
DA:338,0
DA:340,0
DA:341,0
DA:342,0
DA:343,0
DA:344,0
DA:345,0
DA:349,0
DA:353,0
DA:354,0
DA:357,0
DA:360,0
DA:361,0
DA:362,0
DA:363,0
DA:364,0
DA:365,0
DA:366,0
DA:371,0
DA:387,10
DA:389,0
DA:390,0
DA:392,0
DA:393,0
DA:395,0
DA:396,0
DA:398,0
DA:399,0
DA:401,0
DA:402,0
DA:404,0
DA:405,0
DA:407,0
DA:408,0
DA:410,0
DA:411,0
DA:413,0
DA:414,0
DA:416,0
DA:417,0
DA:419,0
DA:420,0
DA:422,0
DA:423,0
DA:425,0
DA:429,0
DA:430,0
DA:431,0
DA:432,0
DA:433,0
DA:434,0
DA:436,0
DA:437,0
DA:440,0
DA:441,0
DA:443,0
DA:444,0
DA:447,0
DA:448,0
DA:450,0
DA:451,0
DA:454,0
DA:455,0
DA:457,0
DA:458,0
DA:461,0
DA:462,0
DA:464,0
DA:465,0
DA:468,0
DA:469,0
DA:471,0
DA:472,0
DA:475,0
DA:476,0
DA:478,0
DA:479,0
DA:482,0
DA:483,0
DA:485,0
DA:486,0
DA:489,0
DA:490,0
DA:492,0
DA:493,0
DA:496,0
DA:497,0
DA:499,0
DA:500,0
DA:503,0
DA:504,0
DA:506,0
DA:507,0
DA:510,0
DA:511,0
DA:513,0
DA:514,0
DA:517,0
DA:518,0
DA:520,0
DA:521,0
DA:523,0
DA:525,0
DA:529,0
DA:532,0
DA:546,0
DA:547,0
DA:549,0
DA:551,0
DA:552,0
DA:554,0
DA:556,0
DA:557,0
DA:558,0
DA:559,0
DA:560,0
DA:561,0
DA:562,0
DA:564,0
DA:566,0
DA:568,0
DA:572,0
DA:576,0
DA:577,0
DA:580,0
DA:583,0
DA:584,0
DA:585,0
DA:586,0
DA:587,0
DA:588,0
DA:589,0
DA:592,0
DA:593,0
DA:594,0
DA:595,0
DA:600,0
DA:603,10
DA:605,0
DA:606,0
DA:608,0
DA:609,0
DA:611,0
DA:615,0
DA:616,0
DA:617,0
DA:618,0
DA:619,0
DA:620,0
DA:622,0
DA:623,0
DA:626,0
DA:627,0
DA:629,0
DA:630,0
DA:633,0
DA:634,0
DA:636,0
DA:637,0
DA:639,0
DA:641,0
DA:645,0
DA:652,0
DA:653,0
DA:657,0
DA:658,0
DA:662,0
DA:666,0
DA:667,0
DA:668,0
DA:669,0
DA:674,0
DA:677,10
DA:679,0
DA:680,0
DA:682,0
DA:683,0
DA:685,0
DA:686,0
DA:688,0
DA:689,0
DA:691,0
DA:695,0
DA:696,0
DA:697,0
DA:698,0
DA:699,0
DA:700,0
DA:702,0
DA:703,0
DA:706,0
DA:707,0
DA:709,0
DA:710,0
DA:713,0
DA:714,0
DA:716,0
DA:717,0
DA:720,0
DA:721,0
DA:723,0
DA:724,0
DA:727,0
DA:728,0
DA:730,0
DA:731,0
DA:733,0
DA:735,0
DA:739,0
DA:748,0
DA:749,0
DA:753,0
DA:757,0
DA:758,0
DA:759,0
DA:763,0
DA:767,0
DA:768,0
DA:769,0
DA:770,0
DA:771,0
DA:772,0
DA:777,0
DA:780,10
DA:782,0
DA:783,0
DA:785,0
DA:786,0
DA:788,0
DA:792,0
DA:793,0
DA:794,0
DA:795,0
DA:796,0
DA:797,0
DA:799,0
DA:800,0
DA:803,0
DA:804,0
DA:806,0
DA:807,0
DA:810,0
DA:811,0
DA:813,0
DA:814,0
DA:816,0
DA:818,0
DA:822,0
DA:829,0
DA:830,0
DA:832,0
DA:834,0
DA:838,0
DA:842,0
DA:843,0
DA:846,0
DA:849,0
DA:854,0
DA:864,10
DA:866,0
DA:867,0
DA:869,0
DA:870,0
DA:872,0
DA:873,0
DA:875,0
DA:876,0
DA:878,0
DA:879,0
DA:881,0
DA:882,0
DA:884,0
DA:888,0
DA:889,0
DA:890,0
DA:891,0
DA:892,0
DA:893,0
DA:895,0
DA:896,0
DA:899,0
DA:900,0
DA:902,0
DA:903,0
DA:906,0
DA:907,0
DA:909,0
DA:910,0
DA:913,0
DA:914,0
DA:916,0
DA:917,0
DA:920,0
DA:921,0
DA:923,0
DA:924,0
DA:927,0
DA:928,0
DA:930,0
DA:931,0
DA:934,0
DA:935,0
DA:937,0
DA:938,0
DA:940,0
DA:942,0
DA:946,0
DA:954,0
DA:961,0
DA:962,0
DA:963,0
DA:966,0
DA:969,0
DA:970,0
DA:972,0
DA:974,0
DA:976,0
DA:977,0
DA:981,0
DA:985,0
DA:986,0
DA:989,0
DA:992,0
DA:996,0
DA:997,0
DA:998,0
DA:999,0
DA:1006,10
DA:1007,10
DA:1008,10
DA:1010,0
DA:1011,0
DA:1013,0
DA:1014,0
DA:1016,0
DA:1017,0
DA:1019,0
DA:1023,0
DA:1024,0
DA:1026,0
DA:1027,0
DA:1028,0
DA:1029,0
DA:1031,0
DA:1036,0
DA:1037,0
DA:1039,0
DA:1040,0
DA:1041,0
DA:1043,0
DA:1059,0
DA:1060,0
DA:1062,0
DA:1065,10
DA:1066,0
DA:1067,0
DA:1071,0
LF:490
LH:15
BRDA:6,0,0,10
BRDA:6,0,1,10
BRDA:12,1,0,0
BRDA:12,1,1,0
BRDA:12,1,2,0
BRDA:12,1,3,0
BRDA:12,1,4,0
BRDA:25,2,0,0
BRDA:25,2,1,0
BRDA:25,2,2,0
BRDA:110,3,0,0
BRDA:111,4,0,0
BRDA:114,5,0,0
BRDA:117,6,0,0
BRDA:120,7,0,0
BRDA:127,8,0,0
BRDA:127,8,1,0
BRDA:128,9,0,0
BRDA:128,9,1,0
BRDA:132,10,0,0
BRDA:132,10,1,0
BRDA:132,10,2,0
BRDA:132,10,3,0
BRDA:134,11,0,0
BRDA:141,12,0,0
BRDA:148,13,0,0
BRDA:155,14,0,0
BRDA:162,15,0,0
BRDA:162,16,0,0
BRDA:162,16,1,0
BRDA:172,17,0,0
BRDA:172,17,1,0
BRDA:173,18,0,0
BRDA:173,18,1,0
BRDA:174,19,0,0
BRDA:174,19,1,0
BRDA:175,20,0,0
BRDA:175,20,1,0
BRDA:181,21,0,0
BRDA:181,21,1,0
BRDA:182,22,0,0
BRDA:182,22,1,0
BRDA:183,23,0,0
BRDA:183,23,1,0
BRDA:184,24,0,0
BRDA:184,24,1,0
BRDA:189,25,0,0
BRDA:189,25,1,0
BRDA:194,26,0,0
BRDA:194,26,1,0
BRDA:195,27,0,0
BRDA:195,27,1,0
BRDA:196,28,0,0
BRDA:196,28,1,0
BRDA:197,29,0,0
BRDA:197,29,1,0
BRDA:216,30,0,0
BRDA:217,31,0,0
BRDA:220,32,0,0
BRDA:226,33,0,0
BRDA:229,34,0,0
BRDA:232,35,0,0
BRDA:235,36,0,0
BRDA:238,37,0,0
BRDA:245,38,0,0
BRDA:245,38,1,0
BRDA:246,39,0,0
BRDA:246,39,1,0
BRDA:250,40,0,0
BRDA:250,40,1,0
BRDA:250,40,2,0
BRDA:250,40,3,0
BRDA:250,40,4,0
BRDA:250,40,5,0
BRDA:250,40,6,0
BRDA:250,40,7,0
BRDA:252,41,0,0
BRDA:259,42,0,0
BRDA:266,43,0,0
BRDA:273,44,0,0
BRDA:280,45,0,0
BRDA:287,46,0,0
BRDA:294,47,0,0
BRDA:301,48,0,0
BRDA:308,49,0,0
BRDA:308,50,0,0
BRDA:308,50,1,0
BRDA:318,51,0,0
BRDA:318,51,1,0
BRDA:319,52,0,0
BRDA:319,52,1,0
BRDA:320,53,0,0
BRDA:320,53,1,0
BRDA:321,54,0,0
BRDA:321,54,1,0
BRDA:322,55,0,0
BRDA:322,55,1,0
BRDA:323,56,0,0
BRDA:323,56,1,0
BRDA:324,57,0,0
BRDA:324,57,1,0
BRDA:325,58,0,0
BRDA:325,58,1,0
BRDA:331,59,0,0
BRDA:331,59,1,0
BRDA:332,60,0,0
BRDA:332,60,1,0
BRDA:333,61,0,0
BRDA:333,61,1,0
BRDA:334,62,0,0
BRDA:334,62,1,0
BRDA:335,63,0,0
BRDA:335,63,1,0
BRDA:340,64,0,0
BRDA:340,64,1,0
BRDA:341,65,0,0
BRDA:341,65,1,0
BRDA:342,66,0,0
BRDA:342,66,1,0
BRDA:343,67,0,0
BRDA:343,67,1,0
BRDA:344,68,0,0
BRDA:344,68,1,0
BRDA:349,69,0,0
BRDA:349,69,1,0
BRDA:354,70,0,0
BRDA:354,70,1,0
BRDA:354,71,0,0
BRDA:354,71,1,0
BRDA:357,72,0,0
BRDA:357,72,1,0
BRDA:357,73,0,0
BRDA:357,73,1,0
BRDA:360,74,0,0
BRDA:360,74,1,0
BRDA:361,75,0,0
BRDA:361,75,1,0
BRDA:362,76,0,0
BRDA:362,76,1,0
BRDA:363,77,0,0
BRDA:363,77,1,0
BRDA:364,78,0,0
BRDA:364,78,1,0
BRDA:365,79,0,0
BRDA:365,79,1,0
BRDA:388,80,0,0
BRDA:389,81,0,0
BRDA:392,82,0,0
BRDA:398,83,0,0
BRDA:401,84,0,0
BRDA:404,85,0,0
BRDA:407,86,0,0
BRDA:410,87,0,0
BRDA:413,88,0,0
BRDA:416,89,0,0
BRDA:419,90,0,0
BRDA:422,91,0,0
BRDA:429,92,0,0
BRDA:429,92,1,0
BRDA:430,93,0,0
BRDA:430,93,1,0
BRDA:434,94,0,0
BRDA:434,94,1,0
BRDA:434,94,2,0
BRDA:434,94,3,0
BRDA:434,94,4,0
BRDA:434,94,5,0
BRDA:434,94,6,0
BRDA:434,94,7,0
BRDA:434,94,8,0
BRDA:434,94,9,0
BRDA:434,94,10,0
BRDA:434,94,11,0
BRDA:436,95,0,0
BRDA:443,96,0,0
BRDA:450,97,0,0
BRDA:457,98,0,0
BRDA:464,99,0,0
BRDA:471,100,0,0
BRDA:478,101,0,0
BRDA:485,102,0,0
BRDA:492,103,0,0
BRDA:499,104,0,0
BRDA:506,105,0,0
BRDA:513,106,0,0
BRDA:520,107,0,0
BRDA:520,108,0,0
BRDA:520,108,1,0
BRDA:530,109,0,0
BRDA:530,109,1,0
BRDA:531,110,0,0
BRDA:531,110,1,0
BRDA:532,111,0,0
BRDA:532,111,1,0
BRDA:533,112,0,0
BRDA:533,112,1,0
BRDA:534,113,0,0
BRDA:534,113,1,0
BRDA:535,114,0,0
BRDA:535,114,1,0
BRDA:536,115,0,0
BRDA:536,115,1,0
BRDA:537,116,0,0
BRDA:537,116,1,0
BRDA:538,117,0,0
BRDA:538,117,1,0
BRDA:539,118,0,0
BRDA:539,118,1,0
BRDA:540,119,0,0
BRDA:540,119,1,0
BRDA:541,120,0,0
BRDA:541,120,1,0
BRDA:547,121,0,0
BRDA:547,121,1,0
BRDA:548,122,0,0
BRDA:548,122,1,0
BRDA:549,123,0,0
BRDA:549,123,1,0
BRDA:550,124,0,0
BRDA:550,124,1,0
BRDA:551,125,0,0
BRDA:551,125,1,0
BRDA:556,126,0,0
BRDA:556,126,1,0
BRDA:557,127,0,0
BRDA:557,127,1,0
BRDA:558,128,0,0
BRDA:558,128,1,0
BRDA:559,129,0,0
BRDA:559,129,1,0
BRDA:560,130,0,0
BRDA:560,130,1,0
BRDA:561,131,0,0
BRDA:561,131,1,0
BRDA:561,132,0,0
BRDA:561,132,1,0
BRDA:562,133,0,0
BRDA:562,133,1,0
BRDA:563,134,0,0
BRDA:563,134,1,0
BRDA:564,135,0,0
BRDA:564,135,1,0
BRDA:565,136,0,0
BRDA:565,136,1,0
BRDA:566,137,0,0
BRDA:566,137,1,0
BRDA:567,138,0,0
BRDA:567,138,1,0
BRDA:572,139,0,0
BRDA:572,139,1,0
BRDA:577,140,0,0
BRDA:577,140,1,0
BRDA:577,141,0,0
BRDA:577,141,1,0
BRDA:580,142,0,0
BRDA:580,142,1,0
BRDA:580,143,0,0
BRDA:580,143,1,0
BRDA:583,144,0,0
BRDA:583,144,1,0
BRDA:584,145,0,0
BRDA:584,145,1,0
BRDA:585,146,0,0
BRDA:585,146,1,0
BRDA:586,147,0,0
BRDA:586,147,1,0
BRDA:587,148,0,0
BRDA:587,148,1,0
BRDA:588,149,0,0
BRDA:588,149,1,0
BRDA:589,150,0,0
BRDA:589,150,1,0
BRDA:589,151,0,0
BRDA:589,151,1,0
BRDA:592,152,0,0
BRDA:592,152,1,0
BRDA:593,153,0,0
BRDA:593,153,1,0
BRDA:594,154,0,0
BRDA:594,154,1,0
BRDA:604,155,0,0
BRDA:605,156,0,0
BRDA:608,157,0,0
BRDA:615,158,0,0
BRDA:615,158,1,0
BRDA:616,159,0,0
BRDA:616,159,1,0
BRDA:620,160,0,0
BRDA:620,160,1,0
BRDA:622,161,0,0
BRDA:629,162,0,0
BRDA:636,163,0,0
BRDA:636,164,0,0
BRDA:636,164,1,0
BRDA:646,165,0,0
BRDA:646,165,1,0
BRDA:647,166,0,0
BRDA:647,166,1,0
BRDA:653,167,0,0
BRDA:653,167,1,0
BRDA:655,168,0,0
BRDA:655,168,1,0
BRDA:657,169,0,0
BRDA:657,169,1,0
BRDA:662,170,0,0
BRDA:662,170,1,0
BRDA:667,171,0,0
BRDA:667,171,1,0
BRDA:668,172,0,0
BRDA:668,172,1,0
BRDA:678,173,0,0
BRDA:679,174,0,0
BRDA:682,175,0,0
BRDA:685,176,0,0
BRDA:688,177,0,0
BRDA:695,178,0,0
BRDA:695,178,1,0
BRDA:696,179,0,0
BRDA:696,179,1,0
BRDA:700,180,0,0
BRDA:700,180,1,0
BRDA:700,180,2,0
BRDA:700,180,3,0
BRDA:702,181,0,0
BRDA:709,182,0,0
BRDA:716,183,0,0
BRDA:723,184,0,0
BRDA:730,185,0,0
BRDA:730,186,0,0
BRDA:730,186,1,0
BRDA:740,187,0,0
BRDA:740,187,1,0
BRDA:741,188,0,0
BRDA:741,188,1,0
BRDA:742,189,0,0
BRDA:742,189,1,0
BRDA:743,190,0,0
BRDA:743,190,1,0
BRDA:749,191,0,0
BRDA:749,191,1,0
BRDA:751,192,0,0
BRDA:751,192,1,0
BRDA:753,193,0,0
BRDA:753,193,1,0
BRDA:755,194,0,0
BRDA:755,194,1,0
BRDA:757,195,0,0
BRDA:757,195,1,0
BRDA:758,196,0,0
BRDA:758,196,1,0
BRDA:763,197,0,0
BRDA:763,197,1,0
BRDA:768,198,0,0
BRDA:768,198,1,0
BRDA:769,199,0,0
BRDA:769,199,1,0
BRDA:770,200,0,0
BRDA:770,200,1,0
BRDA:771,201,0,0
BRDA:771,201,1,0
BRDA:781,202,0,0
BRDA:782,203,0,0
BRDA:785,204,0,0
BRDA:792,205,0,0
BRDA:792,205,1,0
BRDA:793,206,0,0
BRDA:793,206,1,0
BRDA:797,207,0,0
BRDA:797,207,1,0
BRDA:799,208,0,0
BRDA:806,209,0,0
BRDA:813,210,0,0
BRDA:813,211,0,0
BRDA:813,211,1,0
BRDA:823,212,0,0
BRDA:823,212,1,0
BRDA:824,213,0,0
BRDA:824,213,1,0
BRDA:830,214,0,0
BRDA:830,214,1,0
BRDA:831,215,0,0
BRDA:831,215,1,0
BRDA:832,216,0,0
BRDA:832,216,1,0
BRDA:833,217,0,0
BRDA:833,217,1,0
BRDA:838,218,0,0
BRDA:838,218,1,0
BRDA:843,219,0,0
BRDA:843,219,1,0
BRDA:843,220,0,0
BRDA:843,220,1,0
BRDA:846,221,0,0
BRDA:846,221,1,0
BRDA:846,222,0,0
BRDA:846,222,1,0
BRDA:865,223,0,0
BRDA:866,224,0,0
BRDA:869,225,0,0
BRDA:872,226,0,0
BRDA:878,227,0,0
BRDA:881,228,0,0
BRDA:888,229,0,0
BRDA:888,229,1,0
BRDA:889,230,0,0
BRDA:889,230,1,0
BRDA:893,231,0,0
BRDA:893,231,1,0
BRDA:893,231,2,0
BRDA:893,231,3,0
BRDA:893,231,4,0
BRDA:893,231,5,0
BRDA:895,232,0,0
BRDA:902,233,0,0
BRDA:909,234,0,0
BRDA:916,235,0,0
BRDA:923,236,0,0
BRDA:930,237,0,0
BRDA:937,238,0,0
BRDA:937,239,0,0
BRDA:937,239,1,0
BRDA:947,240,0,0
BRDA:947,240,1,0
BRDA:948,241,0,0
BRDA:948,241,1,0
BRDA:951,242,0,0
BRDA:951,242,1,0
BRDA:954,243,0,0
BRDA:954,243,1,0
BRDA:955,244,0,0
BRDA:955,244,1,0
BRDA:956,245,0,0
BRDA:956,245,1,0
BRDA:962,246,0,0
BRDA:962,246,1,0
BRDA:962,247,0,0
BRDA:962,247,1,0
BRDA:963,248,0,0
BRDA:963,248,1,0
BRDA:963,249,0,0
BRDA:963,249,1,0
BRDA:966,250,0,0
BRDA:966,250,1,0
BRDA:966,251,0,0
BRDA:966,251,1,0
BRDA:969,252,0,0
BRDA:969,252,1,0
BRDA:974,253,0,0
BRDA:974,253,1,0
BRDA:975,254,0,0
BRDA:975,254,1,0
BRDA:976,255,0,0
BRDA:976,255,1,0
BRDA:981,256,0,0
BRDA:981,256,1,0
BRDA:986,257,0,0
BRDA:986,257,1,0
BRDA:986,258,0,0
BRDA:986,258,1,0
BRDA:989,259,0,0
BRDA:989,259,1,0
BRDA:989,260,0,0
BRDA:989,260,1,0
BRDA:993,261,0,0
BRDA:993,261,1,0
BRDA:993,262,0,0
BRDA:993,262,1,0
BRDA:996,263,0,0
BRDA:996,263,1,0
BRDA:997,264,0,0
BRDA:997,264,1,0
BRDA:998,265,0,0
BRDA:998,265,1,0
BRDA:1007,266,0,10
BRDA:1010,267,0,0
BRDA:1013,268,0,0
BRDA:1016,269,0,0
BRDA:1023,270,0,0
BRDA:1023,270,1,0
BRDA:1036,271,0,0
BRDA:1036,271,1,0
BRDA:1059,272,0,0
BRDA:1065,273,0,0
BRDA:1071,274,0,0
BRDA:1071,274,1,0
BRF:485
BRH:3
end_of_record
TN:
SF:src/protobufs/generated/hub_event.ts
FN:8,(anonymous_11)
FN:27,hubEventTypeFromJSON
FN:52,hubEventTypeToJSON
FN:119,createBaseMergeMessageBody
FN:124,(anonymous_15)
FN:134,(anonymous_16)
FN:164,(anonymous_17)
FN:168,(anonymous_18)
FN:173,(anonymous_19)
FN:177,(anonymous_20)
FN:184,(anonymous_21)
FN:188,(anonymous_22)
FN:193,(anonymous_23)
FN:198,createBasePruneMessageBody
FN:203,(anonymous_25)
FN:210,(anonymous_26)
FN:233,(anonymous_27)
FN:237,(anonymous_28)
FN:243,(anonymous_29)
FN:247,(anonymous_30)
FN:256,createBaseRevokeMessageBody
FN:261,(anonymous_32)
FN:268,(anonymous_33)
FN:291,(anonymous_34)
FN:295,(anonymous_35)
FN:301,(anonymous_36)
FN:305,(anonymous_37)
FN:314,createBaseMergeOnChainEventBody
FN:319,(anonymous_39)
FN:326,(anonymous_40)
FN:349,(anonymous_41)
FN:353,(anonymous_42)
FN:360,(anonymous_43)
FN:364,(anonymous_44)
FN:373,createBaseMergeUserNameProofBody
FN:383,(anonymous_46)
FN:399,(anonymous_47)
FN:443,(anonymous_48)
FN:458,(anonymous_49)
FN:475,(anonymous_50)
FN:479,(anonymous_51)
FN:498,createBaseHubEvent
FN:511,(anonymous_53)
FN:536,(anonymous_54)
FN:601,(anonymous_55)
FN:619,(anonymous_56)
FN:639,(anonymous_57)
FN:643,(anonymous_58)
FN:671,(anonymous_59)
FN:698,longToNumber
FN:710,isSet
FNF:51
FNH:2
FNDA:10,(anonymous_11)
FNDA:0,hubEventTypeFromJSON
FNDA:0,hubEventTypeToJSON
FNDA:0,createBaseMergeMessageBody
FNDA:0,(anonymous_15)
FNDA:0,(anonymous_16)
FNDA:0,(anonymous_17)
FNDA:0,(anonymous_18)
FNDA:0,(anonymous_19)
FNDA:0,(anonymous_20)
FNDA:0,(anonymous_21)
FNDA:0,(anonymous_22)
FNDA:0,(anonymous_23)
FNDA:0,createBasePruneMessageBody
FNDA:0,(anonymous_25)
FNDA:0,(anonymous_26)
FNDA:0,(anonymous_27)
FNDA:0,(anonymous_28)
FNDA:0,(anonymous_29)
FNDA:0,(anonymous_30)
FNDA:0,createBaseRevokeMessageBody
FNDA:0,(anonymous_32)
FNDA:0,(anonymous_33)
FNDA:0,(anonymous_34)
FNDA:0,(anonymous_35)
FNDA:0,(anonymous_36)
FNDA:0,(anonymous_37)
FNDA:0,createBaseMergeOnChainEventBody
FNDA:0,(anonymous_39)
FNDA:0,(anonymous_40)
FNDA:0,(anonymous_41)
FNDA:0,(anonymous_42)
FNDA:0,(anonymous_43)
FNDA:0,(anonymous_44)
FNDA:0,createBaseMergeUserNameProofBody
FNDA:0,(anonymous_46)
FNDA:0,(anonymous_47)
FNDA:0,(anonymous_48)
FNDA:0,(anonymous_49)
FNDA:0,(anonymous_50)
FNDA:0,(anonymous_51)
FNDA:0,createBaseHubEvent
FNDA:0,(anonymous_53)
FNDA:0,(anonymous_54)
FNDA:0,(anonymous_55)
FNDA:0,(anonymous_56)
FNDA:0,(anonymous_57)
FNDA:0,(anonymous_58)
FNDA:10,(anonymous_59)
FNDA:0,longToNumber
FNDA:0,isSet
DA:2,10
DA:3,10
DA:4,10
DA:5,10
DA:6,10
DA:8,10
DA:27,0
DA:28,0
DA:31,0
DA:34,0
DA:37,0
DA:40,0
DA:43,0
DA:46,0
DA:48,0
DA:52,0
DA:53,0
DA:55,0
DA:57,0
DA:59,0
DA:61,0
DA:63,0
DA:65,0
DA:67,0
DA:120,0
DA:123,10
DA:125,0
DA:126,0
DA:128,0
DA:129,0
DA:131,0
DA:135,0
DA:136,0
DA:137,0
DA:138,0
DA:139,0
DA:140,0
DA:142,0
DA:143,0
DA:146,0
DA:147,0
DA:149,0
DA:150,0
DA:153,0
DA:154,0
DA:156,0
DA:157,0
DA:159,0
DA:161,0
DA:165,0
DA:168,0
DA:174,0
DA:175,0
DA:176,0
DA:177,0
DA:179,0
DA:181,0
DA:185,0
DA:189,0
DA:190,0
DA:193,0
DA:194,0
DA:199,0
DA:202,10
DA:204,0
DA:205,0
DA:207,0
DA:211,0
DA:212,0
DA:213,0
DA:214,0
DA:215,0
DA:216,0
DA:218,0
DA:219,0
DA:222,0
DA:223,0
DA:225,0
DA:226,0
DA:228,0
DA:230,0
DA:234,0
DA:238,0
DA:239,0
DA:240,0
DA:244,0
DA:248,0
DA:249,0
DA:252,0
DA:257,0
DA:260,10
DA:262,0
DA:263,0
DA:265,0
DA:269,0
DA:270,0
DA:271,0
DA:272,0
DA:273,0
DA:274,0
DA:276,0
DA:277,0
DA:280,0
DA:281,0
DA:283,0
DA:284,0
DA:286,0
DA:288,0
DA:292,0
DA:296,0
DA:297,0
DA:298,0
DA:302,0
DA:306,0
DA:307,0
DA:310,0
DA:315,0
DA:318,10
DA:320,0
DA:321,0
DA:323,0
DA:327,0
DA:328,0
DA:329,0
DA:330,0
DA:331,0
DA:332,0
DA:334,0
DA:335,0
DA:338,0
DA:339,0
DA:341,0
DA:342,0
DA:344,0
DA:346,0
DA:350,0
DA:354,0
DA:355,0
DA:357,0
DA:361,0
DA:365,0
DA:366,0
DA:369,0
DA:374,0
DA:382,10
DA:384,0
DA:385,0
DA:387,0
DA:388,0
DA:390,0
DA:391,0
DA:393,0
DA:394,0
DA:396,0
DA:400,0
DA:401,0
DA:402,0
DA:403,0
DA:404,0
DA:405,0
DA:407,0
DA:408,0
DA:411,0
DA:412,0
DA:414,0
DA:415,0
DA:418,0
DA:419,0
DA:421,0
DA:422,0
DA:425,0
DA:426,0
DA:428,0
DA:429,0
DA:432,0
DA:433,0
DA:435,0
DA:436,0
DA:438,0
DA:440,0
DA:444,0
DA:459,0
DA:460,0
DA:462,0
DA:465,0
DA:468,0
DA:472,0
DA:476,0
DA:480,0
DA:481,0
DA:484,0
DA:487,0
DA:490,0
DA:494,0
DA:499,0
DA:510,10
DA:512,0
DA:513,0
DA:515,0
DA:516,0
DA:518,0
DA:519,0
DA:521,0
DA:522,0
DA:524,0
DA:525,0
DA:527,0
DA:528,0
DA:530,0
DA:531,0
DA:533,0
DA:537,0
DA:538,0
DA:539,0
DA:540,0
DA:541,0
DA:542,0
DA:544,0
DA:545,0
DA:548,0
DA:549,0
DA:551,0
DA:552,0
DA:555,0
DA:556,0
DA:558,0
DA:559,0
DA:562,0
DA:563,0
DA:565,0
DA:566,0
DA:569,0
DA:570,0
DA:572,0
DA:573,0
DA:576,0
DA:577,0
DA:579,0
DA:580,0
DA:583,0
DA:584,0
DA:586,0
DA:587,0
DA:590,0
DA:591,0
DA:593,0
DA:594,0
DA:596,0
DA:598,0
DA:602,0
DA:620,0
DA:621,0
DA:622,0
DA:623,0
DA:625,0
DA:627,0
DA:630,0
DA:633,0
DA:636,0
DA:640,0
DA:644,0
DA:645,0
DA:646,0
DA:647,0
DA:650,0
DA:653,0
DA:656,0
DA:660,0
DA:664,0
DA:671,10
DA:672,10
DA:673,10
DA:675,0
DA:676,0
DA:678,0
DA:679,0
DA:681,0
DA:682,0
DA:684,0
DA:699,0
DA:700,0
DA:702,0
DA:705,10
DA:706,0
DA:707,0
DA:711,0
LF:286
LH:16
BRDA:8,0,0,10
BRDA:8,0,1,10
BRDA:28,1,0,0
BRDA:28,1,1,0
BRDA:28,1,2,0
BRDA:28,1,3,0
BRDA:28,1,4,0
BRDA:28,1,5,0
BRDA:28,1,6,0
BRDA:28,1,7,0
BRDA:28,1,8,0
BRDA:28,1,9,0
BRDA:28,1,10,0
BRDA:28,1,11,0
BRDA:28,1,12,0
BRDA:53,2,0,0
BRDA:53,2,1,0
BRDA:53,2,2,0
BRDA:53,2,3,0
BRDA:53,2,4,0
BRDA:53,2,5,0
BRDA:53,2,6,0
BRDA:124,3,0,0
BRDA:125,4,0,0
BRDA:135,5,0,0
BRDA:135,5,1,0
BRDA:136,6,0,0
BRDA:136,6,1,0
BRDA:140,7,0,0
BRDA:140,7,1,0
BRDA:142,8,0,0
BRDA:149,9,0,0
BRDA:156,10,0,0
BRDA:156,11,0,0
BRDA:156,11,1,0
BRDA:166,12,0,0
BRDA:166,12,1,0
BRDA:167,13,0,0
BRDA:167,13,1,0
BRDA:175,14,0,0
BRDA:175,14,1,0
BRDA:175,15,0,0
BRDA:175,15,1,0
BRDA:176,16,0,0
BRDA:176,16,1,0
BRDA:177,17,0,0
BRDA:177,17,1,0
BRDA:185,18,0,0
BRDA:185,18,1,0
BRDA:190,19,0,0
BRDA:190,19,1,0
BRDA:190,20,0,0
BRDA:190,20,1,0
BRDA:193,21,0,0
BRDA:193,21,1,0
BRDA:203,22,0,0
BRDA:204,23,0,0
BRDA:211,24,0,0
BRDA:211,24,1,0
BRDA:212,25,0,0
BRDA:212,25,1,0
BRDA:216,26,0,0
BRDA:218,27,0,0
BRDA:225,28,0,0
BRDA:225,29,0,0
BRDA:225,29,1,0
BRDA:234,30,0,0
BRDA:234,30,1,0
BRDA:239,31,0,0
BRDA:239,31,1,0
BRDA:239,32,0,0
BRDA:239,32,1,0
BRDA:244,33,0,0
BRDA:244,33,1,0
BRDA:249,34,0,0
BRDA:249,34,1,0
BRDA:249,35,0,0
BRDA:249,35,1,0
BRDA:261,36,0,0
BRDA:262,37,0,0
BRDA:269,38,0,0
BRDA:269,38,1,0
BRDA:270,39,0,0
BRDA:270,39,1,0
BRDA:274,40,0,0
BRDA:276,41,0,0
BRDA:283,42,0,0
BRDA:283,43,0,0
BRDA:283,43,1,0
BRDA:292,44,0,0
BRDA:292,44,1,0
BRDA:297,45,0,0
BRDA:297,45,1,0
BRDA:297,46,0,0
BRDA:297,46,1,0
BRDA:302,47,0,0
BRDA:302,47,1,0
BRDA:307,48,0,0
BRDA:307,48,1,0
BRDA:307,49,0,0
BRDA:307,49,1,0
BRDA:319,50,0,0
BRDA:320,51,0,0
BRDA:327,52,0,0
BRDA:327,52,1,0
BRDA:328,53,0,0
BRDA:328,53,1,0
BRDA:332,54,0,0
BRDA:334,55,0,0
BRDA:341,56,0,0
BRDA:341,57,0,0
BRDA:341,57,1,0
BRDA:350,58,0,0
BRDA:350,58,1,0
BRDA:355,59,0,0
BRDA:355,59,1,0
BRDA:356,60,0,0
BRDA:356,60,1,0
BRDA:361,61,0,0
BRDA:361,61,1,0
BRDA:366,62,0,0
BRDA:366,62,1,0
BRDA:366,63,0,0
BRDA:366,63,1,0
BRDA:383,64,0,0
BRDA:384,65,0,0
BRDA:387,66,0,0
BRDA:390,67,0,0
BRDA:393,68,0,0
BRDA:400,69,0,0
BRDA:400,69,1,0
BRDA:401,70,0,0
BRDA:401,70,1,0
BRDA:405,71,0,0
BRDA:405,71,1,0
BRDA:405,71,2,0
BRDA:405,71,3,0
BRDA:407,72,0,0
BRDA:414,73,0,0
BRDA:421,74,0,0
BRDA:428,75,0,0
BRDA:435,76,0,0
BRDA:435,77,0,0
BRDA:435,77,1,0
BRDA:445,78,0,0
BRDA:445,78,1,0
BRDA:446,79,0,0
BRDA:446,79,1,0
BRDA:449,80,0,0
BRDA:449,80,1,0
BRDA:452,81,0,0
BRDA:452,81,1,0
BRDA:460,82,0,0
BRDA:460,82,1,0
BRDA:461,83,0,0
BRDA:461,83,1,0
BRDA:462,84,0,0
BRDA:462,84,1,0
BRDA:462,85,0,0
BRDA:462,85,1,0
BRDA:465,86,0,0
BRDA:465,86,1,0
BRDA:465,87,0,0
BRDA:465,87,1,0
BRDA:468,88,0,0
BRDA:468,88,1,0
BRDA:469,89,0,0
BRDA:469,89,1,0
BRDA:476,90,0,0
BRDA:476,90,1,0
BRDA:481,91,0,0
BRDA:481,91,1,0
BRDA:481,92,0,0
BRDA:481,92,1,0
BRDA:484,93,0,0
BRDA:484,93,1,0
BRDA:484,94,0,0
BRDA:484,94,1,0
BRDA:487,95,0,0
BRDA:487,95,1,0
BRDA:487,96,0,0
BRDA:487,96,1,0
BRDA:491,97,0,0
BRDA:491,97,1,0
BRDA:491,98,0,0
BRDA:491,98,1,0
BRDA:511,99,0,0
BRDA:512,100,0,0
BRDA:515,101,0,0
BRDA:518,102,0,0
BRDA:521,103,0,0
BRDA:524,104,0,0
BRDA:527,105,0,0
BRDA:530,106,0,0
BRDA:537,107,0,0
BRDA:537,107,1,0
BRDA:538,108,0,0
BRDA:538,108,1,0
BRDA:542,109,0,0
BRDA:542,109,1,0
BRDA:542,109,2,0
BRDA:542,109,3,0
BRDA:542,109,4,0
BRDA:542,109,5,0
BRDA:542,109,6,0
BRDA:544,110,0,0
BRDA:551,111,0,0
BRDA:558,112,0,0
BRDA:565,113,0,0
BRDA:572,114,0,0
BRDA:579,115,0,0
BRDA:586,116,0,0
BRDA:593,117,0,0
BRDA:593,118,0,0
BRDA:593,118,1,0
BRDA:603,119,0,0
BRDA:603,119,1,0
BRDA:604,120,0,0
BRDA:604,120,1,0
BRDA:605,121,0,0
BRDA:605,121,1,0
BRDA:606,122,0,0
BRDA:606,122,1,0
BRDA:607,123,0,0
BRDA:607,123,1,0
BRDA:610,124,0,0
BRDA:610,124,1,0
BRDA:613,125,0,0
BRDA:613,125,1,0
BRDA:621,126,0,0
BRDA:621,126,1,0
BRDA:622,127,0,0
BRDA:622,127,1,0
BRDA:623,128,0,0
BRDA:623,128,1,0
BRDA:624,129,0,0
BRDA:624,129,1,0
BRDA:625,130,0,0
BRDA:625,130,1,0
BRDA:626,131,0,0
BRDA:626,131,1,0
BRDA:627,132,0,0
BRDA:627,132,1,0
BRDA:627,133,0,0
BRDA:627,133,1,0
BRDA:630,134,0,0
BRDA:630,134,1,0
BRDA:630,135,0,0
BRDA:630,135,1,0
BRDA:633,136,0,0
BRDA:633,136,1,0
BRDA:633,137,0,0
BRDA:633,137,1,0
BRDA:640,138,0,0
BRDA:640,138,1,0
BRDA:645,139,0,0
BRDA:645,139,1,0
BRDA:646,140,0,0
BRDA:646,140,1,0
BRDA:647,141,0,0
BRDA:647,141,1,0
BRDA:647,142,0,0
BRDA:647,142,1,0
BRDA:650,143,0,0
BRDA:650,143,1,0
BRDA:650,144,0,0
BRDA:650,144,1,0
BRDA:653,145,0,0
BRDA:653,145,1,0
BRDA:653,146,0,0
BRDA:653,146,1,0
BRDA:657,147,0,0
BRDA:657,147,1,0
BRDA:657,148,0,0
BRDA:657,148,1,0
BRDA:661,149,0,0
BRDA:661,149,1,0
BRDA:661,150,0,0
BRDA:661,150,1,0
BRDA:672,151,0,10
BRDA:675,152,0,0
BRDA:678,153,0,0
BRDA:681,154,0,0
BRDA:699,155,0,0
BRDA:705,156,0,0
BRDA:711,157,0,0
BRDA:711,157,1,0
BRF:287
BRH:3
end_of_record
TN:
SF:src/protobufs/generated/hub_state.ts
FN:12,createBaseHubState
FN:17,(anonymous_3)
FN:27,(anonymous_4)
FN:57,(anonymous_5)
FN:64,(anonymous_6)
FN:71,(anonymous_7)
FN:75,(anonymous_8)
FN:86,(anonymous_9)
FN:113,longToNumber
FN:125,isSet
FNF:10
FNH:1
FNDA:0,createBaseHubState
FNDA:0,(anonymous_3)
FNDA:0,(anonymous_4)
FNDA:0,(anonymous_5)
FNDA:0,(anonymous_6)
FNDA:0,(anonymous_7)
FNDA:0,(anonymous_8)
FNDA:10,(anonymous_9)
FNDA:0,longToNumber
FNDA:0,isSet
DA:2,10
DA:3,10
DA:13,0
DA:16,10
DA:18,0
DA:19,0
DA:21,0
DA:22,0
DA:24,0
DA:28,0
DA:29,0
DA:30,0
DA:31,0
DA:32,0
DA:33,0
DA:35,0
DA:36,0
DA:39,0
DA:40,0
DA:42,0
DA:43,0
DA:46,0
DA:47,0
DA:49,0
DA:50,0
DA:52,0
DA:54,0
DA:58,0
DA:65,0
DA:66,0
DA:67,0
DA:68,0
DA:72,0
DA:76,0
DA:77,0
DA:78,0
DA:79,0
DA:86,10
DA:87,10
DA:88,10
DA:90,0
DA:91,0
DA:93,0
DA:94,0
DA:96,0
DA:97,0
DA:99,0
DA:114,0
DA:115,0
DA:117,0
DA:120,10
DA:121,0
DA:122,0
DA:126,0
LF:54
LH:7
BRDA:17,0,0,0
BRDA:18,1,0,0
BRDA:21,2,0,0
BRDA:28,3,0,0
BRDA:28,3,1,0
BRDA:29,4,0,0
BRDA:29,4,1,0
BRDA:33,5,0,0
BRDA:33,5,1,0
BRDA:35,6,0,0
BRDA:42,7,0,0
BRDA:49,8,0,0
BRDA:49,9,0,0
BRDA:49,9,1,0
BRDA:59,10,0,0
BRDA:59,10,1,0
BRDA:60,11,0,0
BRDA:60,11,1,0
BRDA:66,12,0,0
BRDA:66,12,1,0
BRDA:67,13,0,0
BRDA:67,13,1,0
BRDA:72,14,0,0
BRDA:72,14,1,0
BRDA:77,15,0,0
BRDA:77,15,1,0
BRDA:78,16,0,0
BRDA:78,16,1,0
BRDA:87,17,0,10
BRDA:90,18,0,0
BRDA:93,19,0,0
BRDA:96,20,0,0
BRDA:114,21,0,0
BRDA:120,22,0,0
BRDA:126,23,0,0
BRDA:126,23,1,0
BRF:36
BRH:1
end_of_record
TN:
SF:src/protobufs/generated/job.ts
FN:13,createBaseRevokeMessagesBySignerJobPayload
FN:18,(anonymous_5)
FN:28,(anonymous_6)
FN:58,(anonymous_7)
FN:65,(anonymous_8)
FN:73,(anonymous_9)
FN:79,(anonymous_10)
FN:89,createBaseUpdateNameRegistryEventExpiryJobPayload
FN:94,(anonymous_12)
FN:101,(anonymous_13)
FN:124,(anonymous_14)
FN:128,(anonymous_15)
FN:135,(anonymous_16)
FN:141,(anonymous_17)
FN:153,(anonymous_18)
FN:169,bytesFromBase64
FN:182,base64FromBytes
FN:187,(anonymous_21)
FN:205,isSet
FNF:19
FNH:1
FNDA:0,createBaseRevokeMessagesBySignerJobPayload
FNDA:0,(anonymous_5)
FNDA:0,(anonymous_6)
FNDA:0,(anonymous_7)
FNDA:0,(anonymous_8)
FNDA:0,(anonymous_9)
FNDA:0,(anonymous_10)
FNDA:0,createBaseUpdateNameRegistryEventExpiryJobPayload
FNDA:0,(anonymous_12)
FNDA:0,(anonymous_13)
FNDA:0,(anonymous_14)
FNDA:0,(anonymous_15)
FNDA:0,(anonymous_16)
FNDA:0,(anonymous_17)
FNDA:10,(anonymous_18)
FNDA:0,bytesFromBase64
FNDA:0,base64FromBytes
FNDA:0,(anonymous_21)
FNDA:0,isSet
DA:2,10
DA:14,0
DA:17,10
DA:19,0
DA:20,0
DA:22,0
DA:23,0
DA:25,0
DA:29,0
DA:30,0
DA:31,0
DA:32,0
DA:33,0
DA:34,0
DA:36,0
DA:37,0
DA:40,0
DA:41,0
DA:43,0
DA:44,0
DA:47,0
DA:48,0
DA:50,0
DA:51,0
DA:53,0
DA:55,0
DA:59,0
DA:66,0
DA:67,0
DA:68,0
DA:70,0
DA:76,0
DA:82,0
DA:83,0
DA:84,0
DA:85,0
DA:90,0
DA:93,10
DA:95,0
DA:96,0
DA:98,0
DA:102,0
DA:103,0
DA:104,0
DA:105,0
DA:106,0
DA:107,0
DA:109,0
DA:110,0
DA:113,0
DA:114,0
DA:116,0
DA:117,0
DA:119,0
DA:121,0
DA:125,0
DA:129,0
DA:130,0
DA:132,0
DA:138,0
DA:144,0
DA:145,0
DA:146,0
DA:153,10
DA:154,10
DA:155,10
DA:157,0
DA:158,0
DA:160,0
DA:161,0
DA:163,0
DA:164,0
DA:166,0
DA:170,0
DA:171,0
DA:173,0
DA:174,0
DA:175,0
DA:176,0
DA:178,0
DA:183,0
DA:184,0
DA:186,0
DA:187,0
DA:188,0
DA:190,0
DA:206,0
LF:87
LH:6
BRDA:18,0,0,0
BRDA:19,1,0,0
BRDA:22,2,0,0
BRDA:29,3,0,0
BRDA:29,3,1,0
BRDA:30,4,0,0
BRDA:30,4,1,0
BRDA:34,5,0,0
BRDA:34,5,1,0
BRDA:36,6,0,0
BRDA:43,7,0,0
BRDA:50,8,0,0
BRDA:50,9,0,0
BRDA:50,9,1,0
BRDA:60,10,0,0
BRDA:60,10,1,0
BRDA:61,11,0,0
BRDA:61,11,1,0
BRDA:67,12,0,0
BRDA:67,12,1,0
BRDA:68,13,0,0
BRDA:68,13,1,0
BRDA:69,14,0,0
BRDA:69,14,1,0
BRDA:76,15,0,0
BRDA:76,15,1,0
BRDA:83,16,0,0
BRDA:83,16,1,0
BRDA:84,17,0,0
BRDA:84,17,1,0
BRDA:94,18,0,0
BRDA:95,19,0,0
BRDA:102,20,0,0
BRDA:102,20,1,0
BRDA:103,21,0,0
BRDA:103,21,1,0
BRDA:107,22,0,0
BRDA:109,23,0,0
BRDA:116,24,0,0
BRDA:116,25,0,0
BRDA:116,25,1,0
BRDA:125,26,0,0
BRDA:125,26,1,0
BRDA:130,27,0,0
BRDA:130,27,1,0
BRDA:131,28,0,0
BRDA:131,28,1,0
BRDA:138,29,0,0
BRDA:138,29,1,0
BRDA:145,30,0,0
BRDA:145,30,1,0
BRDA:154,31,0,10
BRDA:157,32,0,0
BRDA:160,33,0,0
BRDA:163,34,0,0
BRDA:170,35,0,0
BRDA:170,35,1,0
BRDA:183,36,0,0
BRDA:183,36,1,0
BRDA:206,37,0,0
BRDA:206,37,1,0
BRF:61
BRH:1
end_of_record
TN:
SF:src/protobufs/generated/message.ts
FN:7,(anonymous_31)
FN:13,hashSchemeFromJSON
FN:26,hashSchemeToJSON
FN:38,(anonymous_34)
FN:46,signatureSchemeFromJSON
FN:62,signatureSchemeToJSON
FN:76,(anonymous_37)
FN:104,messageTypeFromJSON
FN:144,messageTypeToJSON
FN:174,(anonymous_40)
FN:184,openrealmNetworkFromJSON
FN:203,openrealmNetworkToJSON
FN:219,(anonymous_43)
FN:233,userDataTypeFromJSON
FN:258,userDataTypeToJSON
FN:278,(anonymous_46)
FN:286,reactionTypeFromJSON
FN:302,reactionTypeToJSON
FN:460,createBaseMessage
FN:473,(anonymous_50)
FN:498,(anonymous_51)
FN:563,(anonymous_52)
FN:575,(anonymous_53)
FN:591,(anonymous_54)
FN:595,(anonymous_55)
FN:610,createBaseMessageData
FN:628,(anonymous_57)
FN:668,(anonymous_58)
FN:768,(anonymous_59)
FN:789,(anonymous_60)
FN:816,(anonymous_61)
FN:820,(anonymous_62)
FN:856,createBaseUserDataBody
FN:861,(anonymous_64)
FN:871,(anonymous_65)
FN:901,(anonymous_66)
FN:908,(anonymous_67)
FN:915,(anonymous_68)
FN:919,(anonymous_69)
FN:927,createBaseEmbed
FN:932,(anonymous_71)
FN:942,(anonymous_72)
FN:972,(anonymous_73)
FN:979,(anonymous_74)
FN:986,(anonymous_75)
FN:990,(anonymous_76)
FN:1000,createBaseCastAddBody
FN:1013,(anonymous_78)
FN:1042,(anonymous_79)
FN:1125,(anonymous_80)
FN:1128,(anonymous_81)
FN:1130,(anonymous_82)
FN:1135,(anonymous_83)
FN:1137,(anonymous_84)
FN:1141,(anonymous_85)
FN:1144,(anonymous_86)
FN:1149,(anonymous_87)
FN:1158,(anonymous_88)
FN:1163,(anonymous_89)
FN:1170,(anonymous_90)
FN:1174,(anonymous_91)
FN:1176,(anonymous_92)
FN:1177,(anonymous_93)
FN:1183,(anonymous_94)
FN:1184,(anonymous_95)
FN:1189,createBaseCastRemoveBody
FN:1194,(anonymous_97)
FN:1201,(anonymous_98)
FN:1224,(anonymous_99)
FN:1228,(anonymous_100)
FN:1235,(anonymous_101)
FN:1239,(anonymous_102)
FN:1246,createBaseCastId
FN:1251,(anonymous_104)
FN:1261,(anonymous_105)
FN:1291,(anonymous_106)
FN:1298,(anonymous_107)
FN:1306,(anonymous_108)
FN:1310,(anonymous_109)
FN:1318,createBaseReactionBody
FN:1323,(anonymous_111)
FN:1336,(anonymous_112)
FN:1373,(anonymous_113)
FN:1381,(anonymous_114)
FN:1390,(anonymous_115)
FN:1394,(anonymous_116)
FN:1405,createBaseVerificationAddEthAddressBody
FN:1416,(anonymous_118)
FN:1435,(anonymous_119)
FN:1486,(anonymous_120)
FN:1496,(anonymous_121)
FN:1511,(anonymous_122)
FN:1515,(anonymous_123)
FN:1528,createBaseVerificationRemoveBody
FN:1533,(anonymous_125)
FN:1540,(anonymous_126)
FN:1563,(anonymous_127)
FN:1567,(anonymous_128)
FN:1574,(anonymous_129)
FN:1578,(anonymous_130)
FN:1585,createBaseLinkBody
FN:1590,(anonymous_132)
FN:1603,(anonymous_133)
FN:1640,(anonymous_134)
FN:1648,(anonymous_135)
FN:1656,(anonymous_136)
FN:1660,(anonymous_137)
FN:1672,(anonymous_138)
FN:1688,bytesFromBase64
FN:1701,base64FromBytes
FN:1706,(anonymous_141)
FN:1724,longToNumber
FN:1736,isSet
FNF:113
FNH:53
FNDA:10,(anonymous_31)
FNDA:0,hashSchemeFromJSON
FNDA:0,hashSchemeToJSON
FNDA:10,(anonymous_34)
FNDA:0,signatureSchemeFromJSON
FNDA:0,signatureSchemeToJSON
FNDA:10,(anonymous_37)
FNDA:0,messageTypeFromJSON
FNDA:0,messageTypeToJSON
FNDA:10,(anonymous_40)
FNDA:0,openrealmNetworkFromJSON
FNDA:0,openrealmNetworkToJSON
FNDA:10,(anonymous_43)
FNDA:0,userDataTypeFromJSON
FNDA:0,userDataTypeToJSON
FNDA:10,(anonymous_46)
FNDA:0,reactionTypeFromJSON
FNDA:0,reactionTypeToJSON
FNDA:35,createBaseMessage
FNDA:0,(anonymous_50)
FNDA:0,(anonymous_51)
FNDA:0,(anonymous_52)
FNDA:0,(anonymous_53)
FNDA:35,(anonymous_54)
FNDA:35,(anonymous_55)
FNDA:105,createBaseMessageData
FNDA:52,(anonymous_57)
FNDA:0,(anonymous_58)
FNDA:0,(anonymous_59)
FNDA:0,(anonymous_60)
FNDA:70,(anonymous_61)
FNDA:105,(anonymous_62)
FNDA:4,createBaseUserDataBody
FNDA:4,(anonymous_64)
FNDA:0,(anonymous_65)
FNDA:0,(anonymous_66)
FNDA:0,(anonymous_67)
FNDA:1,(anonymous_68)
FNDA:4,(anonymous_69)
FNDA:214,createBaseEmbed
FNDA:18,(anonymous_71)
FNDA:0,(anonymous_72)
FNDA:0,(anonymous_73)
FNDA:0,(anonymous_74)
FNDA:108,(anonymous_75)
FNDA:214,(anonymous_76)
FNDA:65,createBaseCastAddBody
FNDA:18,(anonymous_78)
FNDA:0,(anonymous_79)
FNDA:0,(anonymous_80)
FNDA:0,(anonymous_81)
FNDA:0,(anonymous_82)
FNDA:0,(anonymous_83)
FNDA:0,(anonymous_84)
FNDA:0,(anonymous_85)
FNDA:0,(anonymous_86)
FNDA:0,(anonymous_87)
FNDA:0,(anonymous_88)
FNDA:0,(anonymous_89)
FNDA:32,(anonymous_90)
FNDA:65,(anonymous_91)
FNDA:0,(anonymous_92)
FNDA:154,(anonymous_93)
FNDA:154,(anonymous_94)
FNDA:106,(anonymous_95)
FNDA:4,createBaseCastRemoveBody
FNDA:4,(anonymous_97)
FNDA:0,(anonymous_98)
FNDA:0,(anonymous_99)
FNDA:0,(anonymous_100)
FNDA:1,(anonymous_101)
FNDA:4,(anonymous_102)
FNDA:247,createBaseCastId
FNDA:27,(anonymous_104)
FNDA:0,(anonymous_105)
FNDA:0,(anonymous_106)
FNDA:0,(anonymous_107)
FNDA:85,(anonymous_108)
FNDA:247,(anonymous_109)
FNDA:9,createBaseReactionBody
FNDA:8,(anonymous_111)
FNDA:0,(anonymous_112)
FNDA:0,(anonymous_113)
FNDA:0,(anonymous_114)
FNDA:3,(anonymous_115)
FNDA:9,(anonymous_116)
FNDA:6,createBaseVerificationAddEthAddressBody
FNDA:4,(anonymous_118)
FNDA:0,(anonymous_119)
FNDA:0,(anonymous_120)
FNDA:0,(anonymous_121)
FNDA:3,(anonymous_122)
FNDA:6,(anonymous_123)
FNDA:13,createBaseVerificationRemoveBody
FNDA:4,(anonymous_125)
FNDA:0,(anonymous_126)
FNDA:0,(anonymous_127)
FNDA:0,(anonymous_128)
FNDA:10,(anonymous_129)
FNDA:13,(anonymous_130)
FNDA:12,createBaseLinkBody
FNDA:8,(anonymous_132)
FNDA:0,(anonymous_133)
FNDA:0,(anonymous_134)
FNDA:0,(anonymous_135)
FNDA:6,(anonymous_136)
FNDA:12,(anonymous_137)
FNDA:10,(anonymous_138)
FNDA:0,bytesFromBase64
FNDA:0,base64FromBytes
FNDA:0,(anonymous_141)
FNDA:0,longToNumber
FNDA:0,isSet
DA:2,10
DA:3,10
DA:4,10
DA:7,10
DA:13,0
DA:14,0
DA:17,0
DA:20,0
DA:22,0
DA:26,0
DA:27,0
DA:29,0
DA:31,0
DA:33,0
DA:38,10
DA:46,0
DA:47,0
DA:50,0
DA:53,0
DA:56,0
DA:58,0
DA:62,0
DA:63,0
DA:65,0
DA:67,0
DA:69,0
DA:71,0
DA:76,10
DA:104,0
DA:105,0
DA:108,0
DA:111,0
DA:114,0
DA:117,0
DA:120,0
DA:123,0
DA:126,0
DA:129,0
DA:132,0
DA:135,0
DA:138,0
DA:140,0
DA:144,0
DA:145,0
DA:147,0
DA:149,0
DA:151,0
DA:153,0
DA:155,0
DA:157,0
DA:159,0
DA:161,0
DA:163,0
DA:165,0
DA:167,0
DA:169,0
DA:174,10
DA:184,0
DA:185,0
DA:188,0
DA:191,0
DA:194,0
DA:197,0
DA:199,0
DA:203,0
DA:204,0
DA:206,0
DA:208,0
DA:210,0
DA:212,0
DA:214,0
DA:219,10
DA:233,0
DA:234,0
DA:237,0
DA:240,0
DA:243,0
DA:246,0
DA:249,0
DA:252,0
DA:254,0
DA:258,0
DA:259,0
DA:261,0
DA:263,0
DA:265,0
DA:267,0
DA:269,0
DA:271,0
DA:273,0
DA:278,10
DA:286,0
DA:287,0
DA:290,0
DA:293,0
DA:296,0
DA:298,0
DA:302,0
DA:303,0
DA:305,0
DA:307,0
DA:309,0
DA:311,0
DA:461,35
DA:472,35
DA:474,0
DA:475,0
DA:477,0
DA:478,0
DA:480,0
DA:481,0
DA:483,0
DA:484,0
DA:486,0
DA:487,0
DA:489,0
DA:490,0
DA:492,0
DA:493,0
DA:495,0
DA:499,0
DA:500,0
DA:501,0
DA:502,0
DA:503,0
DA:504,0
DA:506,0
DA:507,0
DA:510,0
DA:511,0
DA:513,0
DA:514,0
DA:517,0
DA:518,0
DA:520,0
DA:521,0
DA:524,0
DA:525,0
DA:527,0
DA:528,0
DA:531,0
DA:532,0
DA:534,0
DA:535,0
DA:538,0
DA:539,0
DA:541,0
DA:542,0
DA:545,0
DA:546,0
DA:548,0
DA:549,0
DA:552,0
DA:553,0
DA:555,0
DA:556,0
DA:558,0
DA:560,0
DA:564,0
DA:576,0
DA:577,0
DA:578,0
DA:580,0
DA:581,0
DA:583,0
DA:584,0
DA:586,0
DA:588,0
DA:592,35
DA:596,35
DA:597,35
DA:600,35
DA:601,35
DA:602,35
DA:603,35
DA:604,35
DA:605,35
DA:606,35
DA:611,105
DA:627,122
DA:629,52
DA:630,52
DA:632,52
DA:633,52
DA:635,52
DA:636,52
DA:638,52
DA:639,52
DA:641,52
DA:642,18
DA:644,52
DA:645,4
DA:647,52
DA:648,8
DA:650,52
DA:651,4
DA:653,52
DA:654,4
DA:656,52
DA:657,4
DA:659,52
DA:660,8
DA:662,52
DA:663,2
DA:665,52
DA:669,0
DA:670,0
DA:671,0
DA:672,0
DA:673,0
DA:674,0
DA:676,0
DA:677,0
DA:680,0
DA:681,0
DA:683,0
DA:684,0
DA:687,0
DA:688,0
DA:690,0
DA:691,0
DA:694,0
DA:695,0
DA:697,0
DA:698,0
DA:701,0
DA:702,0
DA:704,0
DA:705,0
DA:708,0
DA:709,0
DA:711,0
DA:712,0
DA:715,0
DA:716,0
DA:718,0
DA:719,0
DA:722,0
DA:723,0
DA:725,0
DA:726,0
DA:729,0
DA:730,0
DA:732,0
DA:733,0
DA:736,0
DA:737,0
DA:739,0
DA:740,0
DA:743,0
DA:744,0
DA:746,0
DA:747,0
DA:750,0
DA:751,0
DA:753,0
DA:754,0
DA:757,0
DA:758,0
DA:760,0
DA:761,0
DA:763,0
DA:765,0
DA:769,0
DA:790,0
DA:791,0
DA:792,0
DA:793,0
DA:794,0
DA:795,0
DA:797,0
DA:799,0
DA:801,0
DA:805,0
DA:808,0
DA:810,0
DA:811,0
DA:813,0
DA:817,70
DA:821,105
DA:822,105
DA:823,105
DA:824,105
DA:825,105
DA:826,105
DA:829,105
DA:832,105
DA:835,105
DA:839,105
DA:843,105
DA:846,105
DA:849,105
DA:852,105
DA:857,4
DA:860,10
DA:862,4
DA:863,4
DA:865,4
DA:866,4
DA:868,4
DA:872,0
DA:873,0
DA:874,0
DA:875,0
DA:876,0
DA:877,0
DA:879,0
DA:880,0
DA:883,0
DA:884,0
DA:886,0
DA:887,0
DA:890,0
DA:891,0
DA:893,0
DA:894,0
DA:896,0
DA:898,0
DA:902,0
DA:909,0
DA:910,0
DA:911,0
DA:912,0
DA:916,1
DA:920,4
DA:921,4
DA:922,4
DA:923,4
DA:928,214
DA:931,108
DA:933,18
DA:934,8
DA:936,18
DA:937,10
DA:939,18
DA:943,0
DA:944,0
DA:945,0
DA:946,0
DA:947,0
DA:948,0
DA:950,0
DA:951,0
DA:954,0
DA:955,0
DA:957,0
DA:958,0
DA:961,0
DA:962,0
DA:964,0
DA:965,0
DA:967,0
DA:969,0
DA:973,0
DA:980,0
DA:981,0
DA:982,0
DA:983,0
DA:987,108
DA:991,214
DA:992,214
DA:993,214
DA:996,214
DA:1001,65
DA:1012,32
DA:1014,18
DA:1015,0
DA:1017,18
DA:1018,18
DA:1019,25
DA:1021,18
DA:1022,18
DA:1023,9
DA:1025,18
DA:1026,0
DA:1028,18
DA:1029,18
DA:1031,18
DA:1032,18
DA:1033,25
DA:1035,18
DA:1036,18
DA:1037,18
DA:1039,18
DA:1043,0
DA:1044,0
DA:1045,0
DA:1046,0
DA:1047,0
DA:1048,0
DA:1050,0
DA:1051,0
DA:1054,0
DA:1055,0
DA:1057,0
DA:1058,0
DA:1059,0
DA:1062,0
DA:1063,0
DA:1064,0
DA:1065,0
DA:1068,0
DA:1071,0
DA:1073,0
DA:1074,0
DA:1077,0
DA:1078,0
DA:1080,0
DA:1081,0
DA:1084,0
DA:1085,0
DA:1087,0
DA:1088,0
DA:1091,0
DA:1092,0
DA:1094,0
DA:1095,0
DA:1096,0
DA:1099,0
DA:1100,0
DA:1101,0
DA:1102,0
DA:1105,0
DA:1108,0
DA:1110,0
DA:1111,0
DA:1114,0
DA:1115,0
DA:1117,0
DA:1118,0
DA:1120,0
DA:1122,0
DA:1126,0
DA:1128,0
DA:1130,0
DA:1135,0
DA:1137,0
DA:1142,0
DA:1143,0
DA:1144,0
DA:1146,0
DA:1148,0
DA:1149,0
DA:1151,0
DA:1153,0
DA:1155,0
DA:1156,0
DA:1157,0
DA:1158,0
DA:1160,0
DA:1162,0
DA:1163,0
DA:1165,0
DA:1167,0
DA:1171,32
DA:1175,65
DA:1176,65
DA:1177,154
DA:1178,65
DA:1181,65
DA:1182,65
DA:1183,154
DA:1184,106
DA:1185,65
DA:1190,4
DA:1193,10
DA:1195,4
DA:1196,4
DA:1198,4
DA:1202,0
DA:1203,0
DA:1204,0
DA:1205,0
DA:1206,0
DA:1207,0
DA:1209,0
DA:1210,0
DA:1213,0
DA:1214,0
DA:1216,0
DA:1217,0
DA:1219,0
DA:1221,0
DA:1225,0
DA:1229,0
DA:1230,0
DA:1232,0
DA:1236,1
DA:1240,4
DA:1241,4
DA:1242,4
DA:1247,247
DA:1250,85
DA:1252,27
DA:1253,27
DA:1255,27
DA:1256,27
DA:1258,27
DA:1262,0
DA:1263,0
DA:1264,0
DA:1265,0
DA:1266,0
DA:1267,0
DA:1269,0
DA:1270,0
DA:1273,0
DA:1274,0
DA:1276,0
DA:1277,0
DA:1280,0
DA:1281,0
DA:1283,0
DA:1284,0
DA:1286,0
DA:1288,0
DA:1292,0
DA:1299,0
DA:1300,0
DA:1301,0
DA:1303,0
DA:1307,85
DA:1311,247
DA:1312,247
DA:1313,247
DA:1314,247
DA:1319,9
DA:1322,10
DA:1324,8
DA:1325,8
DA:1327,8
DA:1328,8
DA:1330,8
DA:1331,0
DA:1333,8
DA:1337,0
DA:1338,0
DA:1339,0
DA:1340,0
DA:1341,0
DA:1342,0
DA:1344,0
DA:1345,0
DA:1348,0
DA:1349,0
DA:1351,0
DA:1352,0
DA:1355,0
DA:1356,0
DA:1358,0
DA:1359,0
DA:1362,0
DA:1363,0
DA:1365,0
DA:1366,0
DA:1368,0
DA:1370,0
DA:1374,0
DA:1382,0
DA:1383,0
DA:1384,0
DA:1386,0
DA:1387,0
DA:1391,3
DA:1395,9
DA:1396,9
DA:1397,9
DA:1400,9
DA:1401,9
DA:1406,6
DA:1415,10
DA:1417,4
DA:1418,4
DA:1420,4
DA:1421,4
DA:1423,4
DA:1424,4
DA:1426,4
DA:1427,0
DA:1429,4
DA:1430,0
DA:1432,4
DA:1436,0
DA:1437,0
DA:1438,0
DA:1439,0
DA:1440,0
DA:1441,0
DA:1443,0
DA:1444,0
DA:1447,0
DA:1448,0
DA:1450,0
DA:1451,0
DA:1454,0
DA:1455,0
DA:1457,0
DA:1458,0
DA:1461,0
DA:1462,0
DA:1464,0
DA:1465,0
DA:1468,0
DA:1469,0
DA:1471,0
DA:1472,0
DA:1475,0
DA:1476,0
DA:1478,0
DA:1479,0
DA:1481,0
DA:1483,0
DA:1487,0
DA:1497,0
DA:1498,0
DA:1500,0
DA:1504,0
DA:1506,0
DA:1507,0
DA:1508,0
DA:1512,3
DA:1518,6
DA:1519,6
DA:1520,6
DA:1521,6
DA:1522,6
DA:1523,6
DA:1524,6
DA:1529,13
DA:1532,10
DA:1534,4
DA:1535,4
DA:1537,4
DA:1541,0
DA:1542,0
DA:1543,0
DA:1544,0
DA:1545,0
DA:1546,0
DA:1548,0
DA:1549,0
DA:1552,0
DA:1553,0
DA:1555,0
DA:1556,0
DA:1558,0
DA:1560,0
DA:1564,0
DA:1568,0
DA:1569,0
DA:1571,0
DA:1575,10
DA:1579,13
DA:1580,13
DA:1581,13
DA:1586,12
DA:1589,10
DA:1591,8
DA:1592,8
DA:1594,8
DA:1595,4
DA:1597,8
DA:1598,8
DA:1600,8
DA:1604,0
DA:1605,0
DA:1606,0
DA:1607,0
DA:1608,0
DA:1609,0
DA:1611,0
DA:1612,0
DA:1615,0
DA:1616,0
DA:1618,0
DA:1619,0
DA:1622,0
DA:1623,0
DA:1625,0
DA:1626,0
DA:1629,0
DA:1630,0
DA:1632,0
DA:1633,0
DA:1635,0
DA:1637,0
DA:1641,0
DA:1649,0
DA:1650,0
DA:1651,0
DA:1652,0
DA:1653,0
DA:1657,6
DA:1661,12
DA:1662,12
DA:1663,12
DA:1664,12
DA:1665,12
DA:1672,10
DA:1673,10
DA:1674,10
DA:1676,0
DA:1677,0
DA:1679,0
DA:1680,0
DA:1682,0
DA:1683,0
DA:1685,0
DA:1689,0
DA:1690,0
DA:1692,0
DA:1693,0
DA:1694,0
DA:1695,0
DA:1697,0
DA:1702,0
DA:1703,0
DA:1705,0
DA:1706,0
DA:1707,0
DA:1709,0
DA:1725,0
DA:1726,0
DA:1728,0
DA:1731,10
DA:1732,0
DA:1733,0
DA:1737,0
LF:728
LH:198
BRDA:7,0,0,10
BRDA:7,0,1,10
BRDA:14,1,0,0
BRDA:14,1,1,0
BRDA:14,1,2,0
BRDA:14,1,3,0
BRDA:14,1,4,0
BRDA:27,2,0,0
BRDA:27,2,1,0
BRDA:27,2,2,0
BRDA:38,3,0,10
BRDA:38,3,1,10
BRDA:47,4,0,0
BRDA:47,4,1,0
BRDA:47,4,2,0
BRDA:47,4,3,0
BRDA:47,4,4,0
BRDA:47,4,5,0
BRDA:47,4,6,0
BRDA:63,5,0,0
BRDA:63,5,1,0
BRDA:63,5,2,0
BRDA:63,5,3,0
BRDA:76,6,0,10
BRDA:76,6,1,10
BRDA:105,7,0,0
BRDA:105,7,1,0
BRDA:105,7,2,0
BRDA:105,7,3,0
BRDA:105,7,4,0
BRDA:105,7,5,0
BRDA:105,7,6,0
BRDA:105,7,7,0
BRDA:105,7,8,0
BRDA:105,7,9,0
BRDA:105,7,10,0
BRDA:105,7,11,0
BRDA:105,7,12,0
BRDA:105,7,13,0
BRDA:105,7,14,0
BRDA:105,7,15,0
BRDA:105,7,16,0
BRDA:105,7,17,0
BRDA:105,7,18,0
BRDA:105,7,19,0
BRDA:105,7,20,0
BRDA:105,7,21,0
BRDA:105,7,22,0
BRDA:145,8,0,0
BRDA:145,8,1,0
BRDA:145,8,2,0
BRDA:145,8,3,0
BRDA:145,8,4,0
BRDA:145,8,5,0
BRDA:145,8,6,0
BRDA:145,8,7,0
BRDA:145,8,8,0
BRDA:145,8,9,0
BRDA:145,8,10,0
BRDA:145,8,11,0
BRDA:174,9,0,10
BRDA:174,9,1,10
BRDA:185,10,0,0
BRDA:185,10,1,0
BRDA:185,10,2,0
BRDA:185,10,3,0
BRDA:185,10,4,0
BRDA:185,10,5,0
BRDA:185,10,6,0
BRDA:185,10,7,0
BRDA:185,10,8,0
BRDA:204,11,0,0
BRDA:204,11,1,0
BRDA:204,11,2,0
BRDA:204,11,3,0
BRDA:204,11,4,0
BRDA:219,12,0,10
BRDA:219,12,1,10
BRDA:234,13,0,0
BRDA:234,13,1,0
BRDA:234,13,2,0
BRDA:234,13,3,0
BRDA:234,13,4,0
BRDA:234,13,5,0
BRDA:234,13,6,0
BRDA:234,13,7,0
BRDA:234,13,8,0
BRDA:234,13,9,0
BRDA:234,13,10,0
BRDA:234,13,11,0
BRDA:234,13,12,0
BRDA:259,14,0,0
BRDA:259,14,1,0
BRDA:259,14,2,0
BRDA:259,14,3,0
BRDA:259,14,4,0
BRDA:259,14,5,0
BRDA:259,14,6,0
BRDA:278,15,0,10
BRDA:278,15,1,10
BRDA:287,16,0,0
BRDA:287,16,1,0
BRDA:287,16,2,0
BRDA:287,16,3,0
BRDA:287,16,4,0
BRDA:287,16,5,0
BRDA:287,16,6,0
BRDA:303,17,0,0
BRDA:303,17,1,0
BRDA:303,17,2,0
BRDA:303,17,3,0
BRDA:473,18,0,0
BRDA:474,19,0,0
BRDA:477,20,0,0
BRDA:480,21,0,0
BRDA:483,22,0,0
BRDA:486,23,0,0
BRDA:489,24,0,0
BRDA:492,25,0,0
BRDA:499,26,0,0
BRDA:499,26,1,0
BRDA:500,27,0,0
BRDA:500,27,1,0
BRDA:504,28,0,0
BRDA:504,28,1,0
BRDA:504,28,2,0
BRDA:504,28,3,0
BRDA:504,28,4,0
BRDA:504,28,5,0
BRDA:504,28,6,0
BRDA:506,29,0,0
BRDA:513,30,0,0
BRDA:520,31,0,0
BRDA:527,32,0,0
BRDA:534,33,0,0
BRDA:541,34,0,0
BRDA:548,35,0,0
BRDA:555,36,0,0
BRDA:555,37,0,0
BRDA:555,37,1,0
BRDA:565,38,0,0
BRDA:565,38,1,0
BRDA:566,39,0,0
BRDA:566,39,1,0
BRDA:567,40,0,0
BRDA:567,40,1,0
BRDA:568,41,0,0
BRDA:568,41,1,0
BRDA:569,42,0,0
BRDA:569,42,1,0
BRDA:570,43,0,0
BRDA:570,43,1,0
BRDA:571,44,0,0
BRDA:571,44,1,0
BRDA:577,45,0,0
BRDA:577,45,1,0
BRDA:577,46,0,0
BRDA:577,46,1,0
BRDA:578,47,0,0
BRDA:578,47,1,0
BRDA:579,48,0,0
BRDA:579,48,1,0
BRDA:580,49,0,0
BRDA:580,49,1,0
BRDA:581,50,0,0
BRDA:581,50,1,0
BRDA:582,51,0,0
BRDA:582,51,1,0
BRDA:583,52,0,0
BRDA:583,52,1,0
BRDA:584,53,0,0
BRDA:584,53,1,0
BRDA:585,54,0,0
BRDA:585,54,1,0
BRDA:586,55,0,0
BRDA:586,55,1,0
BRDA:587,56,0,0
BRDA:587,56,1,0
BRDA:592,57,0,35
BRDA:592,57,1,0
BRDA:597,58,0,35
BRDA:597,58,1,0
BRDA:597,59,0,35
BRDA:597,59,1,35
BRDA:600,60,0,35
BRDA:600,60,1,21
BRDA:601,61,0,35
BRDA:601,61,1,0
BRDA:602,62,0,35
BRDA:602,62,1,21
BRDA:603,63,0,35
BRDA:603,63,1,21
BRDA:604,64,0,35
BRDA:604,64,1,21
BRDA:605,65,0,35
BRDA:605,65,1,35
BRDA:628,66,0,52
BRDA:629,67,0,52
BRDA:632,68,0,52
BRDA:635,69,0,52
BRDA:638,70,0,52
BRDA:641,71,0,18
BRDA:644,72,0,4
BRDA:647,73,0,8
BRDA:650,74,0,4
BRDA:653,75,0,4
BRDA:656,76,0,4
BRDA:659,77,0,8
BRDA:662,78,0,2
BRDA:669,79,0,0
BRDA:669,79,1,0
BRDA:670,80,0,0
BRDA:670,80,1,0
BRDA:674,81,0,0
BRDA:674,81,1,0
BRDA:674,81,2,0
BRDA:674,81,3,0
BRDA:674,81,4,0
BRDA:674,81,5,0
BRDA:674,81,6,0
BRDA:674,81,7,0
BRDA:674,81,8,0
BRDA:674,81,9,0
BRDA:674,81,10,0
BRDA:674,81,11,0
BRDA:676,82,0,0
BRDA:683,83,0,0
BRDA:690,84,0,0
BRDA:697,85,0,0
BRDA:704,86,0,0
BRDA:711,87,0,0
BRDA:718,88,0,0
BRDA:725,89,0,0
BRDA:732,90,0,0
BRDA:739,91,0,0
BRDA:746,92,0,0
BRDA:753,93,0,0
BRDA:760,94,0,0
BRDA:760,95,0,0
BRDA:760,95,1,0
BRDA:770,96,0,0
BRDA:770,96,1,0
BRDA:771,97,0,0
BRDA:771,97,1,0
BRDA:772,98,0,0
BRDA:772,98,1,0
BRDA:773,99,0,0
BRDA:773,99,1,0
BRDA:774,100,0,0
BRDA:774,100,1,0
BRDA:775,101,0,0
BRDA:775,101,1,0
BRDA:776,102,0,0
BRDA:776,102,1,0
BRDA:777,103,0,0
BRDA:777,103,1,0
BRDA:780,104,0,0
BRDA:780,104,1,0
BRDA:783,105,0,0
BRDA:783,105,1,0
BRDA:784,106,0,0
BRDA:784,106,1,0
BRDA:785,107,0,0
BRDA:785,107,1,0
BRDA:791,108,0,0
BRDA:791,108,1,0
BRDA:792,109,0,0
BRDA:792,109,1,0
BRDA:793,110,0,0
BRDA:793,110,1,0
BRDA:794,111,0,0
BRDA:794,111,1,0
BRDA:795,112,0,0
BRDA:795,112,1,0
BRDA:796,113,0,0
BRDA:796,113,1,0
BRDA:797,114,0,0
BRDA:797,114,1,0
BRDA:798,115,0,0
BRDA:798,115,1,0
BRDA:799,116,0,0
BRDA:799,116,1,0
BRDA:800,117,0,0
BRDA:800,117,1,0
BRDA:801,118,0,0
BRDA:801,118,1,0
BRDA:802,119,0,0
BRDA:802,119,1,0
BRDA:805,120,0,0
BRDA:805,120,1,0
BRDA:805,121,0,0
BRDA:805,121,1,0
BRDA:808,122,0,0
BRDA:808,122,1,0
BRDA:809,123,0,0
BRDA:809,123,1,0
BRDA:810,124,0,0
BRDA:810,124,1,0
BRDA:810,125,0,0
BRDA:810,125,1,0
BRDA:811,126,0,0
BRDA:811,126,1,0
BRDA:812,127,0,0
BRDA:812,127,1,0
BRDA:817,128,0,70
BRDA:817,128,1,0
BRDA:822,129,0,105
BRDA:822,129,1,45
BRDA:823,130,0,105
BRDA:823,130,1,0
BRDA:824,131,0,105
BRDA:824,131,1,0
BRDA:825,132,0,105
BRDA:825,132,1,0
BRDA:826,133,0,33
BRDA:826,133,1,72
BRDA:826,134,0,105
BRDA:826,134,1,33
BRDA:829,135,0,3
BRDA:829,135,1,102
BRDA:829,136,0,105
BRDA:829,136,1,3
BRDA:832,137,0,6
BRDA:832,137,1,99
BRDA:832,138,0,105
BRDA:832,138,1,6
BRDA:836,139,0,3
BRDA:836,139,1,102
BRDA:836,140,0,105
BRDA:836,140,1,3
BRDA:840,141,0,3
BRDA:840,141,1,102
BRDA:840,142,0,105
BRDA:840,142,1,3
BRDA:843,143,0,3
BRDA:843,143,1,102
BRDA:843,144,0,105
BRDA:843,144,1,3
BRDA:846,145,0,6
BRDA:846,145,1,99
BRDA:846,146,0,105
BRDA:846,146,1,6
BRDA:849,147,0,3
BRDA:849,147,1,102
BRDA:849,148,0,105
BRDA:849,148,1,3
BRDA:861,149,0,0
BRDA:862,150,0,4
BRDA:865,151,0,4
BRDA:872,152,0,0
BRDA:872,152,1,0
BRDA:873,153,0,0
BRDA:873,153,1,0
BRDA:877,154,0,0
BRDA:877,154,1,0
BRDA:879,155,0,0
BRDA:886,156,0,0
BRDA:893,157,0,0
BRDA:893,158,0,0
BRDA:893,158,1,0
BRDA:903,159,0,0
BRDA:903,159,1,0
BRDA:904,160,0,0
BRDA:904,160,1,0
BRDA:910,161,0,0
BRDA:910,161,1,0
BRDA:911,162,0,0
BRDA:911,162,1,0
BRDA:916,163,0,1
BRDA:916,163,1,0
BRDA:921,164,0,4
BRDA:921,164,1,0
BRDA:922,165,0,4
BRDA:922,165,1,0
BRDA:932,166,0,0
BRDA:933,167,0,8
BRDA:936,168,0,10
BRDA:943,169,0,0
BRDA:943,169,1,0
BRDA:944,170,0,0
BRDA:944,170,1,0
BRDA:948,171,0,0
BRDA:948,171,1,0
BRDA:950,172,0,0
BRDA:957,173,0,0
BRDA:964,174,0,0
BRDA:964,175,0,0
BRDA:964,175,1,0
BRDA:974,176,0,0
BRDA:974,176,1,0
BRDA:975,177,0,0
BRDA:975,177,1,0
BRDA:981,178,0,0
BRDA:981,178,1,0
BRDA:982,179,0,0
BRDA:982,179,1,0
BRDA:982,180,0,0
BRDA:982,180,1,0
BRDA:987,181,0,108
BRDA:987,181,1,0
BRDA:992,182,0,214
BRDA:992,182,1,100
BRDA:993,183,0,100
BRDA:993,183,1,114
BRDA:993,184,0,214
BRDA:993,184,1,100
BRDA:1013,185,0,0
BRDA:1022,186,0,9
BRDA:1025,187,0,0
BRDA:1028,188,0,18
BRDA:1043,189,0,0
BRDA:1043,189,1,0
BRDA:1044,190,0,0
BRDA:1044,190,1,0
BRDA:1048,191,0,0
BRDA:1048,191,1,0
BRDA:1048,191,2,0
BRDA:1048,191,3,0
BRDA:1048,191,4,0
BRDA:1048,191,5,0
BRDA:1048,191,6,0
BRDA:1050,192,0,0
BRDA:1057,193,0,0
BRDA:1062,194,0,0
BRDA:1073,195,0,0
BRDA:1080,196,0,0
BRDA:1087,197,0,0
BRDA:1094,198,0,0
BRDA:1099,199,0,0
BRDA:1110,200,0,0
BRDA:1117,201,0,0
BRDA:1117,202,0,0
BRDA:1117,202,1,0
BRDA:1127,203,0,0
BRDA:1127,203,1,0
BRDA:1130,204,0,0
BRDA:1130,204,1,0
BRDA:1131,205,0,0
BRDA:1131,205,1,0
BRDA:1132,206,0,0
BRDA:1132,206,1,0
BRDA:1133,207,0,0
BRDA:1133,207,1,0
BRDA:1134,208,0,0
BRDA:1134,208,1,0
BRDA:1137,209,0,0
BRDA:1137,209,1,0
BRDA:1143,210,0,0
BRDA:1143,210,1,0
BRDA:1148,211,0,0
BRDA:1148,211,1,0
BRDA:1153,212,0,0
BRDA:1153,212,1,0
BRDA:1154,213,0,0
BRDA:1154,213,1,0
BRDA:1155,214,0,0
BRDA:1155,214,1,0
BRDA:1156,215,0,0
BRDA:1156,215,1,0
BRDA:1157,216,0,0
BRDA:1157,216,1,0
BRDA:1162,217,0,0
BRDA:1162,217,1,0
BRDA:1163,218,0,0
BRDA:1163,218,1,0
BRDA:1171,219,0,32
BRDA:1171,219,1,0
BRDA:1176,220,0,65
BRDA:1176,220,1,32
BRDA:1177,221,0,65
BRDA:1177,221,1,3
BRDA:1178,222,0,53
BRDA:1178,222,1,12
BRDA:1178,223,0,65
BRDA:1178,223,1,53
BRDA:1181,224,0,65
BRDA:1181,224,1,65
BRDA:1182,225,0,65
BRDA:1182,225,1,0
BRDA:1183,226,0,65
BRDA:1183,226,1,3
BRDA:1184,227,0,65
BRDA:1184,227,1,3
BRDA:1194,228,0,0
BRDA:1195,229,0,4
BRDA:1202,230,0,0
BRDA:1202,230,1,0
BRDA:1203,231,0,0
BRDA:1203,231,1,0
BRDA:1207,232,0,0
BRDA:1209,233,0,0
BRDA:1216,234,0,0
BRDA:1216,235,0,0
BRDA:1216,235,1,0
BRDA:1225,236,0,0
BRDA:1225,236,1,0
BRDA:1230,237,0,0
BRDA:1230,237,1,0
BRDA:1231,238,0,0
BRDA:1231,238,1,0
BRDA:1236,239,0,1
BRDA:1236,239,1,0
BRDA:1241,240,0,4
BRDA:1241,240,1,0
BRDA:1251,241,0,0
BRDA:1252,242,0,27
BRDA:1255,243,0,27
BRDA:1262,244,0,0
BRDA:1262,244,1,0
BRDA:1263,245,0,0
BRDA:1263,245,1,0
BRDA:1267,246,0,0
BRDA:1267,246,1,0
BRDA:1269,247,0,0
BRDA:1276,248,0,0
BRDA:1283,249,0,0
BRDA:1283,250,0,0
BRDA:1283,250,1,0
BRDA:1293,251,0,0
BRDA:1293,251,1,0
BRDA:1294,252,0,0
BRDA:1294,252,1,0
BRDA:1300,253,0,0
BRDA:1300,253,1,0
BRDA:1301,254,0,0
BRDA:1301,254,1,0
BRDA:1302,255,0,0
BRDA:1302,255,1,0
BRDA:1307,256,0,85
BRDA:1307,256,1,0
BRDA:1312,257,0,247
BRDA:1312,257,1,0
BRDA:1313,258,0,247
BRDA:1313,258,1,0
BRDA:1323,259,0,0
BRDA:1324,260,0,8
BRDA:1327,261,0,8
BRDA:1330,262,0,0
BRDA:1337,263,0,0
BRDA:1337,263,1,0
BRDA:1338,264,0,0
BRDA:1338,264,1,0
BRDA:1342,265,0,0
BRDA:1342,265,1,0
BRDA:1342,265,2,0
BRDA:1344,266,0,0
BRDA:1351,267,0,0
BRDA:1358,268,0,0
BRDA:1365,269,0,0
BRDA:1365,270,0,0
BRDA:1365,270,1,0
BRDA:1375,271,0,0
BRDA:1375,271,1,0
BRDA:1376,272,0,0
BRDA:1376,272,1,0
BRDA:1377,273,0,0
BRDA:1377,273,1,0
BRDA:1383,274,0,0
BRDA:1383,274,1,0
BRDA:1384,275,0,0
BRDA:1384,275,1,0
BRDA:1385,276,0,0
BRDA:1385,276,1,0
BRDA:1386,277,0,0
BRDA:1386,277,1,0
BRDA:1391,278,0,3
BRDA:1391,278,1,0
BRDA:1396,279,0,9
BRDA:1396,279,1,0
BRDA:1397,280,0,9
BRDA:1397,280,1,0
BRDA:1397,281,0,9
BRDA:1397,281,1,9
BRDA:1400,282,0,9
BRDA:1400,282,1,9
BRDA:1416,283,0,0
BRDA:1417,284,0,4
BRDA:1420,285,0,4
BRDA:1423,286,0,4
BRDA:1426,287,0,0
BRDA:1429,288,0,0
BRDA:1436,289,0,0
BRDA:1436,289,1,0
BRDA:1437,290,0,0
BRDA:1437,290,1,0
BRDA:1441,291,0,0
BRDA:1441,291,1,0
BRDA:1441,291,2,0
BRDA:1441,291,3,0
BRDA:1441,291,4,0
BRDA:1443,292,0,0
BRDA:1450,293,0,0
BRDA:1457,294,0,0
BRDA:1464,295,0,0
BRDA:1471,296,0,0
BRDA:1478,297,0,0
BRDA:1478,298,0,0
BRDA:1478,298,1,0
BRDA:1488,299,0,0
BRDA:1488,299,1,0
BRDA:1489,300,0,0
BRDA:1489,300,1,0
BRDA:1490,301,0,0
BRDA:1490,301,1,0
BRDA:1491,302,0,0
BRDA:1491,302,1,0
BRDA:1492,303,0,0
BRDA:1492,303,1,0
BRDA:1498,304,0,0
BRDA:1498,304,1,0
BRDA:1499,305,0,0
BRDA:1499,305,1,0
BRDA:1500,306,0,0
BRDA:1500,306,1,0
BRDA:1502,307,0,0
BRDA:1502,307,1,0
BRDA:1504,308,0,0
BRDA:1504,308,1,0
BRDA:1505,309,0,0
BRDA:1505,309,1,0
BRDA:1506,310,0,0
BRDA:1506,310,1,0
BRDA:1507,311,0,0
BRDA:1507,311,1,0
BRDA:1512,312,0,3
BRDA:1512,312,1,0
BRDA:1519,313,0,6
BRDA:1519,313,1,0
BRDA:1520,314,0,6
BRDA:1520,314,1,3
BRDA:1521,315,0,6
BRDA:1521,315,1,0
BRDA:1522,316,0,6
BRDA:1522,316,1,5
BRDA:1523,317,0,6
BRDA:1523,317,1,5
BRDA:1533,318,0,0
BRDA:1534,319,0,4
BRDA:1541,320,0,0
BRDA:1541,320,1,0
BRDA:1542,321,0,0
BRDA:1542,321,1,0
BRDA:1546,322,0,0
BRDA:1548,323,0,0
BRDA:1555,324,0,0
BRDA:1555,325,0,0
BRDA:1555,325,1,0
BRDA:1564,326,0,0
BRDA:1564,326,1,0
BRDA:1569,327,0,0
BRDA:1569,327,1,0
BRDA:1570,328,0,0
BRDA:1570,328,1,0
BRDA:1575,329,0,10
BRDA:1575,329,1,0
BRDA:1580,330,0,13
BRDA:1580,330,1,0
BRDA:1590,331,0,0
BRDA:1591,332,0,8
BRDA:1594,333,0,4
BRDA:1597,334,0,8
BRDA:1604,335,0,0
BRDA:1604,335,1,0
BRDA:1605,336,0,0
BRDA:1605,336,1,0
BRDA:1609,337,0,0
BRDA:1609,337,1,0
BRDA:1609,337,2,0
BRDA:1611,338,0,0
BRDA:1618,339,0,0
BRDA:1625,340,0,0
BRDA:1632,341,0,0
BRDA:1632,342,0,0
BRDA:1632,342,1,0
BRDA:1642,343,0,0
BRDA:1642,343,1,0
BRDA:1643,344,0,0
BRDA:1643,344,1,0
BRDA:1644,345,0,0
BRDA:1644,345,1,0
BRDA:1650,346,0,0
BRDA:1650,346,1,0
BRDA:1651,347,0,0
BRDA:1651,347,1,0
BRDA:1652,348,0,0
BRDA:1652,348,1,0
BRDA:1657,349,0,6
BRDA:1657,349,1,0
BRDA:1662,350,0,12
BRDA:1662,350,1,0
BRDA:1663,351,0,12
BRDA:1663,351,1,2
BRDA:1664,352,0,12
BRDA:1664,352,1,0
BRDA:1673,353,0,10
BRDA:1676,354,0,0
BRDA:1679,355,0,0
BRDA:1682,356,0,0
BRDA:1689,357,0,0
BRDA:1689,357,1,0
BRDA:1702,358,0,0
BRDA:1702,358,1,0
BRDA:1725,359,0,0
BRDA:1731,360,0,0
BRDA:1737,361,0,0
BRDA:1737,361,1,0
BRF:706
BRH:151
end_of_record
TN:
SF:src/protobufs/generated/onchain_event.ts
FN:5,(anonymous_16)
FN:13,onChainEventTypeFromJSON
FN:35,onChainEventTypeToJSON
FN:52,(anonymous_19)
FN:59,signerEventTypeFromJSON
FN:78,signerEventTypeToJSON
FN:93,(anonymous_22)
FN:100,idRegisterEventTypeFromJSON
FN:119,idRegisterEventTypeToJSON
FN:176,createBaseOnChainEvent
FN:196,(anonymous_26)
FN:242,(anonymous_27)
FN:356,(anonymous_28)
FN:381,(anonymous_29)
FN:411,(anonymous_30)
FN:415,(anonymous_31)
FN:444,createBaseSignerEventBody
FN:449,(anonymous_33)
FN:468,(anonymous_34)
FN:519,(anonymous_35)
FN:529,(anonymous_36)
FN:541,(anonymous_37)
FN:545,(anonymous_38)
[...]
BRDA:2070,464,1,0
BRDA:2071,465,0,0
BRDA:2071,465,1,0
BRDA:2072,466,0,0
BRDA:2072,466,1,0
BRDA:2089,467,0,0
BRDA:2090,468,0,0
BRDA:2093,469,0,0
BRDA:2096,470,0,0
BRDA:2099,471,0,0
BRDA:2102,472,0,0
BRDA:2105,473,0,0
BRDA:2112,474,0,0
BRDA:2112,474,1,0
BRDA:2113,475,0,0
BRDA:2113,475,1,0
BRDA:2117,476,0,0
BRDA:2117,476,1,0
BRDA:2117,476,2,0
BRDA:2117,476,3,0
BRDA:2117,476,4,0
BRDA:2117,476,5,0
BRDA:2119,477,0,0
BRDA:2126,478,0,0
BRDA:2133,479,0,0
BRDA:2140,480,0,0
BRDA:2147,481,0,0
BRDA:2154,482,0,0
BRDA:2161,483,0,0
BRDA:2161,484,0,0
BRDA:2161,484,1,0
BRDA:2171,485,0,0
BRDA:2171,485,1,0
BRDA:2172,486,0,0
BRDA:2172,486,1,0
BRDA:2173,487,0,0
BRDA:2173,487,1,0
BRDA:2174,488,0,0
BRDA:2174,488,1,0
BRDA:2175,489,0,0
BRDA:2175,489,1,0
BRDA:2176,490,0,0
BRDA:2176,490,1,0
BRDA:2182,491,0,0
BRDA:2182,491,1,0
BRDA:2183,492,0,0
BRDA:2183,492,1,0
BRDA:2184,493,0,0
BRDA:2184,493,1,0
BRDA:2185,494,0,0
BRDA:2185,494,1,0
BRDA:2186,495,0,0
BRDA:2186,495,1,0
BRDA:2187,496,0,0
BRDA:2187,496,1,0
BRDA:2188,497,0,0
BRDA:2188,497,1,0
BRDA:2189,498,0,0
BRDA:2189,498,1,0
BRDA:2190,499,0,0
BRDA:2190,499,1,0
BRDA:2195,500,0,0
BRDA:2195,500,1,0
BRDA:2200,501,0,0
BRDA:2200,501,1,0
BRDA:2200,502,0,0
BRDA:2200,502,1,0
BRDA:2203,503,0,0
BRDA:2203,503,1,0
BRDA:2204,504,0,0
BRDA:2204,504,1,0
BRDA:2205,505,0,0
BRDA:2205,505,1,0
BRDA:2206,506,0,0
BRDA:2206,506,1,0
BRDA:2207,507,0,0
BRDA:2207,507,1,0
BRDA:2217,508,0,0
BRDA:2218,509,0,0
BRDA:2221,510,0,0
BRDA:2228,511,0,0
BRDA:2228,511,1,0
BRDA:2229,512,0,0
BRDA:2229,512,1,0
BRDA:2233,513,0,0
BRDA:2233,513,1,0
BRDA:2235,514,0,0
BRDA:2242,515,0,0
BRDA:2249,516,0,0
BRDA:2249,517,0,0
BRDA:2249,517,1,0
BRDA:2259,518,0,0
BRDA:2259,518,1,0
BRDA:2260,519,0,0
BRDA:2260,519,1,0
BRDA:2266,520,0,0
BRDA:2266,520,1,0
BRDA:2267,521,0,0
BRDA:2267,521,1,0
BRDA:2272,522,0,0
BRDA:2272,522,1,0
BRDA:2277,523,0,0
BRDA:2277,523,1,0
BRDA:2278,524,0,0
BRDA:2278,524,1,0
BRDA:2288,525,0,0
BRDA:2289,526,0,0
BRDA:2296,527,0,0
BRDA:2296,527,1,0
BRDA:2297,528,0,0
BRDA:2297,528,1,0
BRDA:2301,529,0,0
BRDA:2303,530,0,0
BRDA:2310,531,0,0
BRDA:2310,532,0,0
BRDA:2310,532,1,0
BRDA:2319,533,0,0
BRDA:2319,533,1,0
BRDA:2324,534,0,0
BRDA:2324,534,1,0
BRDA:2325,535,0,0
BRDA:2325,535,1,0
BRDA:2330,536,0,0
BRDA:2330,536,1,0
BRDA:2335,537,0,0
BRDA:2335,537,1,0
BRDA:2345,538,0,0
BRDA:2346,539,0,0
BRDA:2353,540,0,0
BRDA:2353,540,1,0
BRDA:2354,541,0,0
BRDA:2354,541,1,0
BRDA:2358,542,0,0
BRDA:2360,543,0,0
BRDA:2367,544,0,0
BRDA:2367,545,0,0
BRDA:2367,545,1,0
BRDA:2376,546,0,0
BRDA:2376,546,1,0
BRDA:2381,547,0,0
BRDA:2381,547,1,0
BRDA:2386,548,0,0
BRDA:2386,548,1,0
BRDA:2391,549,0,0
BRDA:2391,549,1,0
BRDA:2401,550,0,0
BRDA:2402,551,0,0
BRDA:2405,552,0,0
BRDA:2408,553,0,0
BRDA:2411,554,0,0
BRDA:2414,555,0,0
BRDA:2421,556,0,0
BRDA:2421,556,1,0
BRDA:2422,557,0,0
BRDA:2422,557,1,0
BRDA:2426,558,0,0
BRDA:2426,558,1,0
BRDA:2426,558,2,0
BRDA:2426,558,3,0
BRDA:2426,558,4,0
BRDA:2428,559,0,0
BRDA:2435,560,0,0
BRDA:2442,561,0,0
BRDA:2449,562,0,0
BRDA:2456,563,0,0
BRDA:2463,564,0,0
BRDA:2463,565,0,0
BRDA:2463,565,1,0
BRDA:2473,566,0,0
BRDA:2473,566,1,0
BRDA:2474,567,0,0
BRDA:2474,567,1,0
BRDA:2475,568,0,0
BRDA:2475,568,1,0
BRDA:2476,569,0,0
BRDA:2476,569,1,0
BRDA:2477,570,0,0
BRDA:2477,570,1,0
BRDA:2483,571,0,0
BRDA:2483,571,1,0
BRDA:2484,572,0,0
BRDA:2484,572,1,0
BRDA:2485,573,0,0
BRDA:2485,573,1,0
BRDA:2486,574,0,0
BRDA:2486,574,1,0
BRDA:2487,575,0,0
BRDA:2487,575,1,0
BRDA:2488,576,0,0
BRDA:2488,576,1,0
BRDA:2493,577,0,0
BRDA:2493,577,1,0
BRDA:2498,578,0,0
BRDA:2498,578,1,0
BRDA:2499,579,0,0
BRDA:2499,579,1,0
BRDA:2500,580,0,0
BRDA:2500,580,1,0
BRDA:2501,581,0,0
BRDA:2501,581,1,0
BRDA:2502,582,0,0
BRDA:2502,582,1,0
BRDA:2512,583,0,0
BRDA:2516,584,0,0
BRDA:2523,585,0,0
BRDA:2523,585,1,0
BRDA:2524,586,0,0
BRDA:2524,586,1,0
BRDA:2528,587,0,0
BRDA:2528,587,1,0
BRDA:2530,588,0,0
BRDA:2537,589,0,0
BRDA:2544,590,0,0
BRDA:2544,591,0,0
BRDA:2544,591,1,0
BRDA:2554,592,0,0
BRDA:2554,592,1,0
BRDA:2555,593,0,0
BRDA:2555,593,1,0
BRDA:2561,594,0,0
BRDA:2561,594,1,0
BRDA:2562,595,0,0
BRDA:2562,595,1,0
BRDA:2566,596,0,0
BRDA:2566,596,1,0
BRDA:2567,597,0,0
BRDA:2567,597,1,0
BRDA:2572,598,0,0
BRDA:2572,598,1,0
BRDA:2577,599,0,0
BRDA:2577,599,1,0
BRDA:2578,600,0,0
BRDA:2578,600,1,0
BRDA:2588,601,0,0
BRDA:2596,602,0,0
BRDA:2596,602,1,0
BRDA:2597,603,0,0
BRDA:2597,603,1,0
BRDA:2601,604,0,0
BRDA:2603,605,0,0
BRDA:2610,606,0,0
BRDA:2610,607,0,0
BRDA:2610,607,1,0
BRDA:2619,608,0,0
BRDA:2619,608,1,0
BRDA:2624,609,0,0
BRDA:2624,609,1,0
BRDA:2625,610,0,0
BRDA:2625,610,1,0
BRDA:2633,611,0,0
BRDA:2633,611,1,0
BRDA:2638,612,0,0
BRDA:2638,612,1,0
BRDA:2648,613,0,0
BRDA:2649,614,0,0
BRDA:2652,615,0,0
BRDA:2659,616,0,0
BRDA:2659,616,1,0
BRDA:2660,617,0,0
BRDA:2660,617,1,0
BRDA:2664,618,0,0
BRDA:2664,618,1,0
BRDA:2666,619,0,0
BRDA:2673,620,0,0
BRDA:2680,621,0,0
BRDA:2680,622,0,0
BRDA:2680,622,1,0
BRDA:2690,623,0,0
BRDA:2690,623,1,0
BRDA:2691,624,0,0
BRDA:2691,624,1,0
BRDA:2697,625,0,0
BRDA:2697,625,1,0
BRDA:2698,626,0,0
BRDA:2698,626,1,0
BRDA:2703,627,0,0
BRDA:2703,627,1,0
BRDA:2708,628,0,0
BRDA:2708,628,1,0
BRDA:2709,629,0,0
BRDA:2709,629,1,0
BRDA:2719,630,0,0
BRDA:2720,631,0,0
BRDA:2727,632,0,0
BRDA:2727,632,1,0
BRDA:2728,633,0,0
BRDA:2728,633,1,0
BRDA:2732,634,0,0
BRDA:2734,635,0,0
BRDA:2741,636,0,0
BRDA:2741,637,0,0
BRDA:2741,637,1,0
BRDA:2750,638,0,0
BRDA:2750,638,1,0
BRDA:2755,639,0,0
BRDA:2755,639,1,0
BRDA:2756,640,0,0
BRDA:2756,640,1,0
BRDA:2761,641,0,0
BRDA:2761,641,1,0
BRDA:2766,642,0,0
BRDA:2766,642,1,0
BRDA:2776,643,0,0
BRDA:2784,644,0,0
BRDA:2784,644,1,0
BRDA:2785,645,0,0
BRDA:2785,645,1,0
BRDA:2789,646,0,0
BRDA:2791,647,0,0
BRDA:2798,648,0,0
BRDA:2798,649,0,0
BRDA:2798,649,1,0
BRDA:2807,650,0,0
BRDA:2807,650,1,0
BRDA:2812,651,0,0
BRDA:2812,651,1,0
BRDA:2813,652,0,0
BRDA:2813,652,1,0
BRDA:2821,653,0,0
BRDA:2821,653,1,0
BRDA:2826,654,0,0
BRDA:2826,654,1,0
BRDA:2836,655,0,0
BRDA:2837,656,0,0
BRDA:2840,657,0,0
BRDA:2847,658,0,0
BRDA:2847,658,1,0
BRDA:2848,659,0,0
BRDA:2848,659,1,0
BRDA:2852,660,0,0
BRDA:2852,660,1,0
BRDA:2854,661,0,0
BRDA:2861,662,0,0
BRDA:2868,663,0,0
BRDA:2868,664,0,0
BRDA:2868,664,1,0
BRDA:2878,665,0,0
BRDA:2878,665,1,0
BRDA:2879,666,0,0
BRDA:2879,666,1,0
BRDA:2885,667,0,0
BRDA:2885,667,1,0
BRDA:2886,668,0,0
BRDA:2886,668,1,0
BRDA:2887,669,0,0
BRDA:2887,669,1,0
BRDA:2892,670,0,0
BRDA:2892,670,1,0
BRDA:2897,671,0,0
BRDA:2897,671,1,0
BRDA:2898,672,0,0
BRDA:2898,672,1,0
BRDA:2908,673,0,0
BRDA:2909,674,0,0
BRDA:2912,675,0,0
BRDA:2919,676,0,0
BRDA:2919,676,1,0
BRDA:2920,677,0,0
BRDA:2920,677,1,0
BRDA:2924,678,0,0
BRDA:2924,678,1,0
BRDA:2926,679,0,0
BRDA:2933,680,0,0
BRDA:2940,681,0,0
BRDA:2940,682,0,0
BRDA:2940,682,1,0
BRDA:2950,683,0,0
BRDA:2950,683,1,0
BRDA:2951,684,0,0
BRDA:2951,684,1,0
BRDA:2957,685,0,0
BRDA:2957,685,1,0
BRDA:2958,686,0,0
BRDA:2958,686,1,0
BRDA:2959,687,0,0
BRDA:2959,687,1,0
BRDA:2964,688,0,0
BRDA:2964,688,1,0
BRDA:2969,689,0,0
BRDA:2969,689,1,0
BRDA:2970,690,0,0
BRDA:2970,690,1,0
BRDA:2980,691,0,0
BRDA:2981,692,0,0
BRDA:2984,693,0,0
BRDA:2987,694,0,0
BRDA:2994,695,0,0
BRDA:2994,695,1,0
BRDA:2995,696,0,0
BRDA:2995,696,1,0
BRDA:2999,697,0,0
BRDA:2999,697,1,0
BRDA:2999,697,2,0
BRDA:3001,698,0,0
BRDA:3008,699,0,0
BRDA:3015,700,0,0
BRDA:3022,701,0,0
BRDA:3022,702,0,0
BRDA:3022,702,1,0
BRDA:3032,703,0,0
BRDA:3032,703,1,0
BRDA:3033,704,0,0
BRDA:3033,704,1,0
BRDA:3034,705,0,0
BRDA:3034,705,1,0
BRDA:3040,706,0,0
BRDA:3040,706,1,0
BRDA:3041,707,0,0
BRDA:3041,707,1,0
BRDA:3042,708,0,0
BRDA:3042,708,1,0
BRDA:3047,709,0,0
BRDA:3047,709,1,0
BRDA:3052,710,0,0
BRDA:3052,710,1,0
BRDA:3053,711,0,0
BRDA:3053,711,1,0
BRDA:3054,712,0,0
BRDA:3054,712,1,0
BRDA:3064,713,0,0
BRDA:3065,714,0,0
BRDA:3068,715,0,0
BRDA:3071,716,0,0
BRDA:3074,717,0,0
BRDA:3077,718,0,0
BRDA:3084,719,0,0
BRDA:3084,719,1,0
BRDA:3085,720,0,0
BRDA:3085,720,1,0
BRDA:3089,721,0,0
BRDA:3089,721,1,0
BRDA:3089,721,2,0
BRDA:3089,721,3,0
BRDA:3089,721,4,0
BRDA:3091,722,0,0
BRDA:3098,723,0,0
BRDA:3105,724,0,0
BRDA:3112,725,0,0
BRDA:3119,726,0,0
BRDA:3126,727,0,0
BRDA:3126,728,0,0
BRDA:3126,728,1,0
BRDA:3136,729,0,0
BRDA:3136,729,1,0
BRDA:3137,730,0,0
BRDA:3137,730,1,0
BRDA:3138,731,0,0
BRDA:3138,731,1,0
BRDA:3139,732,0,0
BRDA:3139,732,1,0
BRDA:3140,733,0,0
BRDA:3140,733,1,0
BRDA:3146,734,0,0
BRDA:3146,734,1,0
BRDA:3147,735,0,0
BRDA:3147,735,1,0
BRDA:3148,736,0,0
BRDA:3148,736,1,0
BRDA:3149,737,0,0
BRDA:3149,737,1,0
BRDA:3150,738,0,0
BRDA:3150,738,1,0
BRDA:3151,739,0,0
BRDA:3151,739,1,0
BRDA:3156,740,0,0
BRDA:3156,740,1,0
BRDA:3161,741,0,0
BRDA:3161,741,1,0
BRDA:3162,742,0,0
BRDA:3162,742,1,0
BRDA:3163,743,0,0
BRDA:3163,743,1,0
BRDA:3164,744,0,0
BRDA:3164,744,1,0
BRDA:3165,745,0,0
BRDA:3165,745,1,0
BRDA:3175,746,0,0
BRDA:3176,747,0,0
BRDA:3179,748,0,0
BRDA:3182,749,0,0
BRDA:3185,750,0,0
BRDA:3188,751,0,0
BRDA:3195,752,0,0
BRDA:3195,752,1,0
BRDA:3196,753,0,0
BRDA:3196,753,1,0
BRDA:3200,754,0,0
BRDA:3200,754,1,0
BRDA:3200,754,2,0
BRDA:3200,754,3,0
BRDA:3200,754,4,0
BRDA:3202,755,0,0
BRDA:3209,756,0,0
BRDA:3216,757,0,0
BRDA:3223,758,0,0
BRDA:3230,759,0,0
BRDA:3237,760,0,0
BRDA:3237,761,0,0
BRDA:3237,761,1,0
BRDA:3247,762,0,0
BRDA:3247,762,1,0
BRDA:3248,763,0,0
BRDA:3248,763,1,0
BRDA:3249,764,0,0
BRDA:3249,764,1,0
BRDA:3250,765,0,0
BRDA:3250,765,1,0
BRDA:3251,766,0,0
BRDA:3251,766,1,0
BRDA:3257,767,0,0
BRDA:3257,767,1,0
BRDA:3258,768,0,0
BRDA:3258,768,1,0
BRDA:3259,769,0,0
BRDA:3259,769,1,0
BRDA:3260,770,0,0
BRDA:3260,770,1,0
BRDA:3261,771,0,0
BRDA:3261,771,1,0
BRDA:3262,772,0,0
BRDA:3262,772,1,0
BRDA:3267,773,0,0
BRDA:3267,773,1,0
BRDA:3272,774,0,0
BRDA:3272,774,1,0
BRDA:3273,775,0,0
BRDA:3273,775,1,0
BRDA:3274,776,0,0
BRDA:3274,776,1,0
BRDA:3275,777,0,0
BRDA:3275,777,1,0
BRDA:3276,778,0,0
BRDA:3276,778,1,0
BRDA:3286,779,0,0
BRDA:3287,780,0,0
BRDA:3294,781,0,0
BRDA:3294,781,1,0
BRDA:3295,782,0,0
BRDA:3295,782,1,0
BRDA:3299,783,0,0
BRDA:3301,784,0,0
BRDA:3308,785,0,0
BRDA:3308,786,0,0
BRDA:3308,786,1,0
BRDA:3317,787,0,0
BRDA:3317,787,1,0
BRDA:3322,788,0,0
BRDA:3322,788,1,0
BRDA:3323,789,0,0
BRDA:3323,789,1,0
BRDA:3328,790,0,0
BRDA:3328,790,1,0
BRDA:3335,791,0,0
BRDA:3335,791,1,0
BRDA:3344,792,0,10
BRDA:3347,793,0,0
BRDA:3350,794,0,0
BRDA:3353,795,0,0
BRDA:3360,796,0,0
BRDA:3360,796,1,0
BRDA:3373,797,0,0
BRDA:3373,797,1,0
BRDA:3396,798,0,0
BRDA:3402,799,0,0
BRDA:3408,800,0,0
BRDA:3408,800,1,0
BRF:1379
BRH:3
end_of_record
TN:
SF:src/protobufs/generated/sync_trie.ts
FN:11,createBaseDbTrieNode
FN:16,(anonymous_3)
FN:34,(anonymous_4)
FN:87,(anonymous_5)
FN:90,(anonymous_6)
FN:96,(anonymous_7)
FN:101,(anonymous_8)
FN:111,(anonymous_9)
FN:115,(anonymous_10)
FN:118,(anonymous_11)
FN:128,(anonymous_12)
FN:144,bytesFromBase64
FN:157,base64FromBytes
FN:162,(anonymous_15)
FN:180,isSet
FNF:15
FNH:1
FNDA:0,createBaseDbTrieNode
FNDA:0,(anonymous_3)
FNDA:0,(anonymous_4)
FNDA:0,(anonymous_5)
FNDA:0,(anonymous_6)
FNDA:0,(anonymous_7)
FNDA:0,(anonymous_8)
FNDA:0,(anonymous_9)
FNDA:0,(anonymous_10)
FNDA:0,(anonymous_11)
FNDA:10,(anonymous_12)
FNDA:0,bytesFromBase64
FNDA:0,base64FromBytes
FNDA:0,(anonymous_15)
FNDA:0,isSet
DA:2,10
DA:12,0
DA:15,10
DA:17,0
DA:18,0
DA:20,0
DA:21,0
DA:22,0
DA:24,0
DA:25,0
DA:26,0
DA:28,0
DA:29,0
DA:31,0
DA:35,0
DA:36,0
DA:37,0
DA:38,0
DA:39,0
DA:40,0
DA:42,0
DA:43,0
DA:46,0
DA:47,0
DA:49,0
DA:50,0
DA:51,0
DA:54,0
DA:55,0
DA:56,0
DA:57,0
DA:60,0
DA:63,0
DA:65,0
DA:66,0
DA:69,0
DA:70,0
DA:72,0
DA:73,0
DA:76,0
DA:77,0
DA:79,0
DA:80,0
DA:82,0
DA:84,0
DA:88,0
DA:90,0
DA:97,0
DA:98,0
DA:100,0
DA:101,0
DA:103,0
DA:105,0
DA:106,0
DA:108,0
DA:112,0
DA:116,0
DA:117,0
DA:118,0
DA:119,0
DA:120,0
DA:121,0
DA:128,10
DA:129,10
DA:130,10
DA:132,0
DA:133,0
DA:135,0
DA:136,0
DA:138,0
DA:139,0
DA:141,0
DA:145,0
DA:146,0
DA:148,0
DA:149,0
DA:150,0
DA:151,0
DA:153,0
DA:158,0
DA:159,0
DA:161,0
DA:162,0
DA:163,0
DA:165,0
DA:181,0
LF:86
LH:5
BRDA:16,0,0,0
BRDA:17,1,0,0
BRDA:25,2,0,0
BRDA:28,3,0,0
BRDA:35,4,0,0
BRDA:35,4,1,0
BRDA:36,5,0,0
BRDA:36,5,1,0
BRDA:40,6,0,0
BRDA:40,6,1,0
BRDA:40,6,2,0
BRDA:40,6,3,0
BRDA:42,7,0,0
BRDA:49,8,0,0
BRDA:54,9,0,0
BRDA:65,10,0,0
BRDA:72,11,0,0
BRDA:79,12,0,0
BRDA:79,13,0,0
BRDA:79,13,1,0
BRDA:89,14,0,0
BRDA:89,14,1,0
BRDA:90,15,0,0
BRDA:90,15,1,0
BRDA:91,16,0,0
BRDA:91,16,1,0
BRDA:92,17,0,0
BRDA:92,17,1,0
BRDA:98,18,0,0
BRDA:98,18,1,0
BRDA:99,19,0,0
BRDA:99,19,1,0
BRDA:100,20,0,0
BRDA:100,20,1,0
BRDA:105,21,0,0
BRDA:105,21,1,0
BRDA:106,22,0,0
BRDA:106,22,1,0
BRDA:107,23,0,0
BRDA:107,23,1,0
BRDA:112,24,0,0
BRDA:112,24,1,0
BRDA:117,25,0,0
BRDA:117,25,1,0
BRDA:118,26,0,0
BRDA:118,26,1,0
BRDA:119,27,0,0
BRDA:119,27,1,0
BRDA:120,28,0,0
BRDA:120,28,1,0
BRDA:129,29,0,10
BRDA:132,30,0,0
BRDA:135,31,0,0
BRDA:138,32,0,0
BRDA:145,33,0,0
BRDA:145,33,1,0
BRDA:158,34,0,0
BRDA:158,34,1,0
BRDA:181,35,0,0
BRDA:181,35,1,0
BRF:60
BRH:1
end_of_record
TN:
SF:src/protobufs/generated/username_proof.ts
FN:5,(anonymous_6)
FN:11,userNameTypeFromJSON
FN:27,userNameTypeToJSON
FN:49,createBaseUserNameProof
FN:61,(anonymous_10)
FN:83,(anonymous_11)
FN:141,(anonymous_12)
FN:152,(anonymous_13)
FN:166,(anonymous_14)
FN:170,(anonymous_15)
FN:185,(anonymous_16)
FN:201,bytesFromBase64
FN:214,base64FromBytes
FN:219,(anonymous_19)
FN:237,longToNumber
FN:249,isSet
FNF:16
FNH:5
FNDA:10,(anonymous_6)
FNDA:0,userNameTypeFromJSON
FNDA:0,userNameTypeToJSON
FNDA:3,createBaseUserNameProof
FNDA:2,(anonymous_10)
FNDA:0,(anonymous_11)
FNDA:0,(anonymous_12)
FNDA:0,(anonymous_13)
FNDA:0,(anonymous_14)
FNDA:3,(anonymous_15)
FNDA:10,(anonymous_16)
FNDA:0,bytesFromBase64
FNDA:0,base64FromBytes
FNDA:0,(anonymous_19)
FNDA:0,longToNumber
FNDA:0,isSet
DA:2,10
DA:3,10
DA:5,10
DA:11,0
DA:12,0
DA:15,0
DA:18,0
DA:21,0
DA:23,0
DA:27,0
DA:28,0
DA:30,0
DA:32,0
DA:34,0
DA:36,0
DA:50,3
DA:60,10
DA:62,2
DA:63,2
DA:65,2
DA:66,2
DA:68,2
DA:69,2
DA:71,2
DA:72,2
DA:74,2
DA:75,2
DA:77,2
DA:78,2
DA:80,2
DA:84,0
DA:85,0
DA:86,0
DA:87,0
DA:88,0
DA:89,0
DA:91,0
DA:92,0
DA:95,0
DA:96,0
DA:98,0
DA:99,0
DA:102,0
DA:103,0
DA:105,0
DA:106,0
DA:109,0
DA:110,0
DA:112,0
DA:113,0
DA:116,0
DA:117,0
DA:119,0
DA:120,0
DA:123,0
DA:124,0
DA:126,0
DA:127,0
DA:130,0
DA:131,0
DA:133,0
DA:134,0
DA:136,0
DA:138,0
DA:142,0
DA:153,0
DA:154,0
DA:155,0
DA:157,0
DA:159,0
DA:161,0
DA:162,0
DA:163,0
DA:167,0
DA:171,3
DA:172,3
DA:173,3
DA:174,3
DA:175,3
DA:176,3
DA:177,3
DA:178,3
DA:185,10
DA:186,10
DA:187,10
DA:189,0
DA:190,0
DA:192,0
DA:193,0
DA:195,0
DA:196,0
DA:198,0
DA:202,0
DA:203,0
DA:205,0
DA:206,0
DA:207,0
DA:208,0
DA:210,0
DA:215,0
DA:216,0
DA:218,0
DA:219,0
DA:220,0
DA:222,0
DA:238,0
DA:239,0
DA:241,0
DA:244,10
DA:245,0
DA:246,0
DA:250,0
LF:112
LH:30
BRDA:5,0,0,10
BRDA:5,0,1,10
BRDA:12,1,0,0
BRDA:12,1,1,0
BRDA:12,1,2,0
BRDA:12,1,3,0
BRDA:12,1,4,0
BRDA:12,1,5,0
BRDA:12,1,6,0
BRDA:28,2,0,0
BRDA:28,2,1,0
BRDA:28,2,2,0
BRDA:28,2,3,0
BRDA:61,3,0,0
BRDA:62,4,0,2
BRDA:65,5,0,2
BRDA:68,6,0,2
BRDA:71,7,0,2
BRDA:74,8,0,2
BRDA:77,9,0,2
BRDA:84,10,0,0
BRDA:84,10,1,0
BRDA:85,11,0,0
BRDA:85,11,1,0
BRDA:89,12,0,0
BRDA:89,12,1,0
BRDA:89,12,2,0
BRDA:89,12,3,0
BRDA:89,12,4,0
BRDA:89,12,5,0
BRDA:91,13,0,0
BRDA:98,14,0,0
BRDA:105,15,0,0
BRDA:112,16,0,0
BRDA:119,17,0,0
BRDA:126,18,0,0
BRDA:133,19,0,0
BRDA:133,20,0,0
BRDA:133,20,1,0
BRDA:143,21,0,0
BRDA:143,21,1,0
BRDA:144,22,0,0
BRDA:144,22,1,0
BRDA:145,23,0,0
BRDA:145,23,1,0
BRDA:146,24,0,0
BRDA:146,24,1,0
BRDA:147,25,0,0
BRDA:147,25,1,0
BRDA:148,26,0,0
BRDA:148,26,1,0
BRDA:154,27,0,0
BRDA:154,27,1,0
BRDA:155,28,0,0
BRDA:155,28,1,0
BRDA:156,29,0,0
BRDA:156,29,1,0
BRDA:157,30,0,0
BRDA:157,30,1,0
BRDA:158,31,0,0
BRDA:158,31,1,0
BRDA:159,32,0,0
BRDA:159,32,1,0
BRDA:160,33,0,0
BRDA:160,33,1,0
BRDA:161,34,0,0
BRDA:161,34,1,0
BRDA:162,35,0,0
BRDA:162,35,1,0
BRDA:167,36,0,0
BRDA:167,36,1,0
BRDA:172,37,0,3
BRDA:172,37,1,0
BRDA:173,38,0,3
BRDA:173,38,1,0
BRDA:174,39,0,3
BRDA:174,39,1,0
BRDA:175,40,0,3
BRDA:175,40,1,0
BRDA:176,41,0,3
BRDA:176,41,1,0
BRDA:177,42,0,3
BRDA:177,42,1,0
BRDA:186,43,0,10
BRDA:189,44,0,0
BRDA:192,45,0,0
BRDA:195,46,0,0
BRDA:202,47,0,0
BRDA:202,47,1,0
BRDA:215,48,0,0
BRDA:215,48,1,0
BRDA:238,49,0,0
BRDA:244,50,0,0
BRDA:250,51,0,0
BRDA:250,51,1,0
BRF:95
BRH:15
end_of_record
TN:
SF:src/signers/ed25519Signer.ts
FNF:0
FNH:0
DA:1,10
DA:8,10
DA:10,13
LF:3
LH:3
BRF:0
BRH:0
end_of_record
TN:
SF:src/signers/eip712Signer.ts
FNF:0
FNH:0
DA:1,10
DA:10,30
DA:12,6
LF:3
LH:3
BRF:0
BRH:0
end_of_record
TN:
SF:src/signers/ethersEip712Signer.ts
FN:21,(anonymous_1)
FN:26,(anonymous_2)
FN:27,(anonymous_3)
FN:32,(anonymous_4)
FN:39,(anonymous_5)
FN:43,(anonymous_6)
FN:46,(anonymous_7)
FN:53,(anonymous_8)
FN:57,(anonymous_9)
FN:60,(anonymous_10)
FN:67,(anonymous_11)
FN:71,(anonymous_12)
FNF:12
FNH:10
FNDA:1,(anonymous_1)
FNDA:1,(anonymous_2)
FNDA:0,(anonymous_3)
FNDA:1,(anonymous_4)
FNDA:0,(anonymous_5)
FNDA:1,(anonymous_6)
FNDA:3,(anonymous_7)
FNDA:1,(anonymous_8)
FNDA:2,(anonymous_9)
FNDA:3,(anonymous_10)
FNDA:1,(anonymous_11)
FNDA:2,(anonymous_12)
DA:1,10
DA:3,10
DA:6,10
DA:7,10
DA:14,10
DA:18,1
DA:22,1
DA:23,1
DA:27,1
DA:33,1
DA:39,0
DA:43,1
DA:50,3
DA:51,3
DA:53,1
DA:57,3
DA:61,3
DA:67,1
DA:71,3
LF:19
LH:18
BRDA:48,0,0,3
BRDA:50,1,0,3
BRDA:50,1,1,0
BRF:3
BRH:2
end_of_record
TN:
SF:src/signers/ethersV5Eip712Signer.ts
FN:18,(anonymous_1)
FN:23,(anonymous_2)
FN:26,(anonymous_3)
FN:30,(anonymous_4)
FN:37,(anonymous_5)
FN:39,(anonymous_6)
FN:42,(anonymous_7)
FN:53,(anonymous_8)
FN:55,(anonymous_9)
FN:58,(anonymous_10)
FN:65,(anonymous_11)
FN:67,(anonymous_12)
FNF:12
FNH:10
FNDA:1,(anonymous_1)
FNDA:1,(anonymous_2)
FNDA:0,(anonymous_3)
FNDA:1,(anonymous_4)
FNDA:0,(anonymous_5)
FNDA:1,(anonymous_6)
FNDA:3,(anonymous_7)
FNDA:1,(anonymous_8)
FNDA:2,(anonymous_9)
FNDA:3,(anonymous_10)
FNDA:1,(anonymous_11)
FNDA:2,(anonymous_12)
DA:1,10
DA:2,10
DA:7,10
DA:8,10
DA:9,10
DA:15,1
DA:19,1
DA:20,1
DA:24,1
DA:26,0
DA:31,1
DA:37,0
DA:39,1
DA:46,3
DA:47,3
DA:53,1
DA:55,3
DA:59,3
DA:65,1
DA:67,3
LF:20
LH:18
BRDA:44,0,0,3
BRDA:46,1,0,3
BRDA:46,1,1,0
BRF:3
BRH:2
end_of_record
TN:
SF:src/signers/index.ts
FNF:0
FNH:0
DA:1,10
DA:2,10
DA:3,10
DA:4,10
DA:5,10
DA:6,10
DA:7,10
LF:7
LH:7
BRF:0
BRH:0
end_of_record
TN:
SF:src/signers/nobleEd25519Signer.ts
FN:9,(anonymous_1)
FN:14,(anonymous_2)
FN:18,(anonymous_3)
FNF:3
FNH:3
FNDA:13,(anonymous_1)
FNDA:27,(anonymous_2)
FNDA:25,(anonymous_3)
DA:1,10
DA:2,10
DA:4,10
DA:6,13
DA:10,13
DA:11,13
DA:15,27
DA:19,25
LF:8
LH:8
BRF:0
BRH:0
end_of_record
TN:
SF:src/signers/testUtils.ts
FN:12,(anonymous_1)
FN:15,(anonymous_2)
FN:19,(anonymous_3)
FN:20,(anonymous_4)
FN:30,(anonymous_5)
FN:34,(anonymous_6)
FN:46,(anonymous_7)
FN:51,(anonymous_8)
FN:58,(anonymous_9)
FN:68,(anonymous_10)
FN:72,(anonymous_11)
FN:83,(anonymous_12)
FN:88,(anonymous_13)
FN:95,(anonymous_14)
FNF:14
FNH:14
FNDA:3,(anonymous_1)
FNDA:3,(anonymous_2)
FNDA:3,(anonymous_3)
FNDA:3,(anonymous_4)
FNDA:3,(anonymous_5)
FNDA:3,(anonymous_6)
FNDA:3,(anonymous_7)
FNDA:3,(anonymous_8)
FNDA:3,(anonymous_9)
FNDA:3,(anonymous_10)
FNDA:3,(anonymous_11)
FNDA:3,(anonymous_12)
FNDA:3,(anonymous_13)
FNDA:3,(anonymous_14)
DA:1,3
DA:2,3
DA:3,3
DA:4,3
DA:5,3
DA:6,3
DA:7,3
DA:8,3
DA:10,3
DA:12,3
DA:15,3
DA:16,3
DA:19,3
DA:20,3
DA:21,3
DA:22,3
DA:23,3
DA:24,3
DA:25,3
DA:26,3
DA:30,3
DA:34,3
DA:35,3
DA:41,3
DA:42,3
DA:43,3
DA:46,3
DA:47,3
DA:48,3
DA:51,3
DA:52,3
DA:53,3
DA:54,3
DA:55,3
DA:58,3
DA:59,3
DA:63,3
DA:64,3
DA:68,3
DA:72,3
DA:73,3
DA:78,3
DA:79,3
DA:80,3
DA:83,3
DA:84,3
DA:85,3
DA:88,3
DA:89,3
DA:90,3
DA:91,3
DA:92,3
DA:95,3
DA:96,3
DA:100,3
DA:101,3
LF:56
LH:56
BRF:0
BRH:0
end_of_record
TN:
SF:src/signers/viemLocalEip712Signer.ts
FN:20,(anonymous_1)
FN:25,(anonymous_2)
FN:28,(anonymous_3)
FN:32,(anonymous_4)
FN:42,(anonymous_5)
FN:44,(anonymous_6)
FN:47,(anonymous_7)
FN:59,(anonymous_8)
FN:61,(anonymous_9)
FN:64,(anonymous_10)
FN:72,(anonymous_11)
FN:74,(anonymous_12)
FNF:12
FNH:10
FNDA:4,(anonymous_1)
FNDA:6,(anonymous_2)
FNDA:0,(anonymous_3)
FNDA:1,(anonymous_4)
FNDA:0,(anonymous_5)
FNDA:1,(anonymous_6)
FNDA:7,(anonymous_7)
FNDA:1,(anonymous_8)
FNDA:6,(anonymous_9)
FNDA:5,(anonymous_10)
FNDA:1,(anonymous_11)
FNDA:4,(anonymous_12)
DA:1,10
DA:3,10
DA:4,10
DA:11,10
DA:12,10
DA:15,10
DA:17,4
DA:21,4
DA:22,4
DA:26,6
DA:28,0
DA:33,1
DA:42,0
DA:44,1
DA:51,7
DA:52,7
DA:59,1
DA:61,7
DA:65,5
DA:72,1
DA:74,5
LF:21
LH:19
BRDA:49,0,0,6
BRDA:51,1,0,7
BRDA:51,1,1,0
BRF:3
BRH:2
end_of_record
